{"/Users/philiplondon/Projects/map3/sdk/src/App.tsx": {"path":"/Users/philiplondon/Projects/map3/sdk/src/App.tsx","statementMap":{"0":{"start":{"line":1,"column":0},"end":{"line":1,"column":44}},"1":{"start":{"line":2,"column":0},"end":{"line":2,"column":56}},"2":{"start":{"line":3,"column":0},"end":{"line":3,"column":63}},"3":{"start":{"line":6,"column":0},"end":{"line":6,"column":37}},"4":{"start":{"line":7,"column":0},"end":{"line":7,"column":53}},"5":{"start":{"line":8,"column":0},"end":{"line":8,"column":51}},"6":{"start":{"line":9,"column":0},"end":{"line":9,"column":58}},"7":{"start":{"line":10,"column":0},"end":{"line":10,"column":52}},"8":{"start":{"line":11,"column":0},"end":{"line":11,"column":46}},"9":{"start":{"line":12,"column":0},"end":{"line":12,"column":56}},"10":{"start":{"line":13,"column":0},"end":{"line":13,"column":50}},"11":{"start":{"line":14,"column":0},"end":{"line":14,"column":36}},"12":{"start":{"line":16,"column":19},"end":{"line":16,"column":22}},"13":{"start":{"line":18,"column":33},"end":{"line":138,"column":1}},"14":{"start":{"line":19,"column":26},"end":{"line":19,"column":41}},"15":{"start":{"line":20,"column":28},"end":{"line":20,"column":47}},"16":{"start":{"line":22,"column":26},"end":{"line":22,"column":31}},"17":{"start":{"line":24,"column":2},"end":{"line":26,"column":9}},"18":{"start":{"line":25,"column":4},"end":{"line":25,"column":18}},"19":{"start":{"line":28,"column":22},"end":{"line":33,"column":3}},"20":{"start":{"line":29,"column":4},"end":{"line":29,"column":19}},"21":{"start":{"line":30,"column":4},"end":{"line":32,"column":19}},"22":{"start":{"line":31,"column":6},"end":{"line":31,"column":16}},"23":{"start":{"line":35,"column":21},"end":{"line":35,"column":54}},"24":{"start":{"line":37,"column":2},"end":{"line":137,"column":4}},"25":{"start":{"line":44,"column":10},"end":{"line":46,"column":63}},"26":{"start":{"line":57,"column":29},"end":{"line":57,"column":78}},"27":{"start":{"line":140,"column":32},"end":{"line":146,"column":1}},"28":{"start":{"line":141,"column":2},"end":{"line":145,"column":4}},"29":{"start":{"line":157,"column":0},"end":{"line":157,"column":19}}},"fnMap":{"0":{"name":"(anonymous_0)","decl":{"start":{"line":18,"column":33},"end":{"line":18,"column":34}},"loc":{"start":{"line":18,"column":49},"end":{"line":138,"column":1}}},"1":{"name":"(anonymous_1)","decl":{"start":{"line":24,"column":12},"end":{"line":24,"column":15}},"loc":{"start":{"line":24,"column":17},"end":{"line":26,"column":3}}},"2":{"name":"(anonymous_2)","decl":{"start":{"line":28,"column":22},"end":{"line":28,"column":25}},"loc":{"start":{"line":28,"column":27},"end":{"line":33,"column":3}}},"3":{"name":"(anonymous_3)","decl":{"start":{"line":30,"column":15},"end":{"line":30,"column":18}},"loc":{"start":{"line":30,"column":20},"end":{"line":32,"column":5}}},"4":{"name":"(anonymous_4)","decl":{"start":{"line":43,"column":19},"end":{"line":43,"column":22}},"loc":{"start":{"line":44,"column":10},"end":{"line":46,"column":63}}},"5":{"name":"(anonymous_5)","decl":{"start":{"line":57,"column":23},"end":{"line":57,"column":26}},"loc":{"start":{"line":57,"column":29},"end":{"line":57,"column":78}}},"6":{"name":"(anonymous_6)","decl":{"start":{"line":140,"column":32},"end":{"line":140,"column":33}},"loc":{"start":{"line":140,"column":56},"end":{"line":146,"column":1}}}},"branchMap":{"0":{"loc":{"start":{"line":44,"column":10},"end":{"line":46,"column":63}},"type":"cond-expr","locations":[{"start":{"line":45,"column":14},"end":{"line":45,"column":27}},{"start":{"line":46,"column":14},"end":{"line":46,"column":63}}]},"1":{"loc":{"start":{"line":56,"column":25},"end":{"line":56,"column":61}},"type":"cond-expr","locations":[{"start":{"line":56,"column":38},"end":{"line":56,"column":49}},{"start":{"line":56,"column":52},"end":{"line":56,"column":61}}]},"2":{"loc":{"start":{"line":71,"column":13},"end":{"line":79,"column":null}},"type":"binary-expr","locations":[{"start":{"line":71,"column":13},"end":{"line":71,"column":56}},{"start":{"line":72,"column":14},"end":{"line":76,"column":null}}]},"3":{"loc":{"start":{"line":81,"column":13},"end":{"line":89,"column":null}},"type":"binary-expr","locations":[{"start":{"line":81,"column":13},"end":{"line":81,"column":58}},{"start":{"line":82,"column":14},"end":{"line":86,"column":null}}]},"4":{"loc":{"start":{"line":91,"column":13},"end":{"line":99,"column":null}},"type":"binary-expr","locations":[{"start":{"line":91,"column":13},"end":{"line":91,"column":55}},{"start":{"line":92,"column":14},"end":{"line":96,"column":null}}]},"5":{"loc":{"start":{"line":101,"column":13},"end":{"line":109,"column":null}},"type":"binary-expr","locations":[{"start":{"line":101,"column":13},"end":{"line":101,"column":53}},{"start":{"line":102,"column":14},"end":{"line":106,"column":null}}]},"6":{"loc":{"start":{"line":111,"column":13},"end":{"line":119,"column":null}},"type":"binary-expr","locations":[{"start":{"line":111,"column":13},"end":{"line":111,"column":49}},{"start":{"line":112,"column":14},"end":{"line":116,"column":null}}]},"7":{"loc":{"start":{"line":118,"column":17},"end":{"line":118,"column":65}},"type":"cond-expr","locations":[{"start":{"line":118,"column":48},"end":{"line":118,"column":58}},{"start":{"line":118,"column":61},"end":{"line":118,"column":65}}]},"8":{"loc":{"start":{"line":118,"column":17},"end":{"line":118,"column":36}},"type":"cond-expr","locations":[{"start":{"line":118,"column":29},"end":{"line":118,"column":31}},{"start":{"line":118,"column":29},"end":{"line":118,"column":36}}]},"9":{"loc":{"start":{"line":118,"column":17},"end":{"line":118,"column":31}},"type":"binary-expr","locations":[{"start":{"line":118,"column":17},"end":{"line":118,"column":31}},{"start":{"line":118,"column":29},"end":{"line":118,"column":31}}]}},"s":{"0":2,"1":2,"2":2,"3":2,"4":2,"5":2,"6":2,"7":2,"8":2,"9":2,"10":2,"11":2,"12":2,"13":2,"14":20,"15":20,"16":20,"17":20,"18":5,"19":20,"20":0,"21":0,"22":0,"23":20,"24":20,"25":0,"26":1,"27":2,"28":5,"29":2},"f":{"0":20,"1":5,"2":0,"3":0,"4":0,"5":1,"6":5},"b":{"0":[0,0],"1":[10,10],"2":[20,10],"3":[20,3],"4":[20,5],"5":[20,0],"6":[20,2],"7":[2,0],"8":[0,2],"9":[2,2]}}
,"/Users/philiplondon/Projects/map3/sdk/src/index.tsx": {"path":"/Users/philiplondon/Projects/map3/sdk/src/index.tsx","statementMap":{"0":{"start":{"line":1,"column":0},"end":{"line":1,"column":55}},"1":{"start":{"line":2,"column":0},"end":{"line":2,"column":44}},"2":{"start":{"line":3,"column":0},"end":{"line":3,"column":21}},"3":{"start":{"line":5,"column":0},"end":{"line":5,"column":77}},"4":{"start":{"line":6,"column":0},"end":{"line":6,"column":52}},"5":{"start":{"line":8,"column":0},"end":{"line":8,"column":24}},"6":{"start":{"line":10,"column":15},"end":{"line":13,"column":2}},"7":{"start":{"line":27,"column":4},"end":{"line":29,"column":null}},"8":{"start":{"line":28,"column":6},"end":{"line":28,"column":60}},"9":{"start":{"line":31,"column":4},"end":{"line":33,"column":null}},"10":{"start":{"line":32,"column":6},"end":{"line":32,"column":29}},"11":{"start":{"line":35,"column":4},"end":{"line":35,"column":25}},"12":{"start":{"line":37,"column":4},"end":{"line":40,"column":6}},"13":{"start":{"line":38,"column":6},"end":{"line":38,"column":26}},"14":{"start":{"line":39,"column":6},"end":{"line":39,"column":45}},"15":{"start":{"line":42,"column":20},"end":{"line":42,"column":49}},"16":{"start":{"line":43,"column":4},"end":{"line":43,"column":24}},"17":{"start":{"line":44,"column":4},"end":{"line":44,"column":39}},"18":{"start":{"line":46,"column":4},"end":{"line":48,"column":null}},"19":{"start":{"line":47,"column":6},"end":{"line":47,"column":42}},"20":{"start":{"line":50,"column":4},"end":{"line":50,"column":36}},"21":{"start":{"line":54,"column":4},"end":{"line":58,"column":6}},"22":{"start":{"line":62,"column":4},"end":{"line":62,"column":19}},"23":{"start":{"line":21,"column":0},"end":{"line":21,"column":13}},"24":{"start":{"line":66,"column":27},"end":{"line":68,"column":1}},"25":{"start":{"line":67,"column":2},"end":{"line":67,"column":24}},"26":{"start":{"line":66,"column":13},"end":{"line":66,"column":27}},"27":{"start":{"line":71,"column":0},"end":{"line":71,"column":33}}},"fnMap":{"0":{"name":"(anonymous_0)","decl":{"start":{"line":26,"column":2},"end":{"line":26,"column":14}},"loc":{"start":{"line":26,"column":36},"end":{"line":51,"column":3}}},"1":{"name":"(anonymous_1)","decl":{"start":{"line":37,"column":19},"end":{"line":37,"column":22}},"loc":{"start":{"line":37,"column":24},"end":{"line":40,"column":5}}},"2":{"name":"(anonymous_2)","decl":{"start":{"line":53,"column":9},"end":{"line":53,"column":13}},"loc":{"start":{"line":53,"column":13},"end":{"line":59,"column":3}}},"3":{"name":"(anonymous_3)","decl":{"start":{"line":61,"column":9},"end":{"line":61,"column":14}},"loc":{"start":{"line":61,"column":14},"end":{"line":63,"column":3}}},"4":{"name":"(anonymous_4)","decl":{"start":{"line":66,"column":27},"end":{"line":66,"column":28}},"loc":{"start":{"line":66,"column":52},"end":{"line":68,"column":1}}}},"branchMap":{"0":{"loc":{"start":{"line":27,"column":4},"end":{"line":29,"column":null}},"type":"if","locations":[{"start":{"line":27,"column":4},"end":{"line":29,"column":null}}]},"1":{"loc":{"start":{"line":31,"column":4},"end":{"line":33,"column":null}},"type":"if","locations":[{"start":{"line":31,"column":4},"end":{"line":33,"column":null}}]},"2":{"loc":{"start":{"line":46,"column":4},"end":{"line":48,"column":null}},"type":"if","locations":[{"start":{"line":46,"column":4},"end":{"line":48,"column":null}}]}},"s":{"0":1,"1":1,"2":1,"3":1,"4":1,"5":1,"6":1,"7":1,"8":0,"9":1,"10":1,"11":1,"12":1,"13":1,"14":1,"15":1,"16":1,"17":1,"18":1,"19":0,"20":1,"21":1,"22":1,"23":1,"24":1,"25":1,"26":1,"27":1},"f":{"0":1,"1":1,"2":1,"3":1,"4":1},"b":{"0":[0],"1":[1],"2":[0]}}
,"/Users/philiplondon/Projects/map3/sdk/src/components/ErrorWrapper/index.tsx": {"path":"/Users/philiplondon/Projects/map3/sdk/src/components/ErrorWrapper/index.tsx","statementMap":{"0":{"start":{"line":3,"column":0},"end":{"line":3,"column":43}},"1":{"start":{"line":5,"column":57},"end":{"line":25,"column":1}},"2":{"start":{"line":10,"column":2},"end":{"line":24,"column":4}},"3":{"start":{"line":33,"column":0},"end":{"line":33,"column":28}}},"fnMap":{"0":{"name":"(anonymous_0)","decl":{"start":{"line":5,"column":57},"end":{"line":5,"column":58}},"loc":{"start":{"line":9,"column":5},"end":{"line":25,"column":1}}}},"branchMap":{},"s":{"0":2,"1":2,"2":1,"3":2},"f":{"0":1},"b":{}}
,"/Users/philiplondon/Projects/map3/sdk/src/components/InnerWrapper/index.tsx": {"path":"/Users/philiplondon/Projects/map3/sdk/src/components/InnerWrapper/index.tsx","statementMap":{"0":{"start":{"line":3,"column":57},"end":{"line":5,"column":1}},"1":{"start":{"line":4,"column":2},"end":{"line":4,"column":60}},"2":{"start":{"line":9,"column":0},"end":{"line":9,"column":28}}},"fnMap":{"0":{"name":"(anonymous_0)","decl":{"start":{"line":3,"column":57},"end":{"line":3,"column":58}},"loc":{"start":{"line":3,"column":74},"end":{"line":5,"column":1}}}},"branchMap":{},"s":{"0":2,"1":41,"2":2},"f":{"0":41},"b":{}}
,"/Users/philiplondon/Projects/map3/sdk/src/components/LoadingWrapper/index.tsx": {"path":"/Users/philiplondon/Projects/map3/sdk/src/components/LoadingWrapper/index.tsx","statementMap":{"0":{"start":{"line":3,"column":40},"end":{"line":14,"column":1}},"1":{"start":{"line":4,"column":2},"end":{"line":13,"column":4}},"2":{"start":{"line":20,"column":0},"end":{"line":20,"column":30}}},"fnMap":{"0":{"name":"(anonymous_0)","decl":{"start":{"line":3,"column":40},"end":{"line":3,"column":41}},"loc":{"start":{"line":3,"column":56},"end":{"line":14,"column":1}}}},"branchMap":{"0":{"loc":{"start":{"line":10,"column":15},"end":{"line":10,"column":38}},"type":"binary-expr","locations":[{"start":{"line":10,"column":15},"end":{"line":10,"column":22}},{"start":{"line":10,"column":26},"end":{"line":10,"column":38}}]}},"s":{"0":2,"1":10,"2":2},"f":{"0":10},"b":{"0":[10,5]}}
,"/Users/philiplondon/Projects/map3/sdk/src/components/MethodIcon/index.tsx": {"path":"/Users/philiplondon/Projects/map3/sdk/src/components/MethodIcon/index.tsx","statementMap":{"0":{"start":{"line":5,"column":36},"end":{"line":15,"column":1}},"1":{"start":{"line":6,"column":2},"end":{"line":14,"column":4}},"2":{"start":{"line":21,"column":0},"end":{"line":21,"column":26}}},"fnMap":{"0":{"name":"(anonymous_0)","decl":{"start":{"line":5,"column":36},"end":{"line":5,"column":37}},"loc":{"start":{"line":5,"column":51},"end":{"line":15,"column":1}}}},"branchMap":{"0":{"loc":{"start":{"line":8,"column":7},"end":{"line":12,"column":14}},"type":"cond-expr","locations":[{"start":{"line":9,"column":8},"end":{"line":9,"column":50}},{"start":{"line":10,"column":10},"end":{"line":12,"column":14}}]},"1":{"loc":{"start":{"line":10,"column":10},"end":{"line":12,"column":14}},"type":"cond-expr","locations":[{"start":{"line":11,"column":8},"end":{"line":11,"column":53}},{"start":{"line":12,"column":10},"end":{"line":12,"column":14}}]}},"s":{"0":2,"1":9,"2":2},"f":{"0":9},"b":{"0":[9,0],"1":[0,0]}}
,"/Users/philiplondon/Projects/map3/sdk/src/components/ProgressBar/index.tsx": {"path":"/Users/philiplondon/Projects/map3/sdk/src/components/ProgressBar/index.tsx","statementMap":{"0":{"start":{"line":3,"column":37},"end":{"line":12,"column":1}},"1":{"start":{"line":4,"column":2},"end":{"line":11,"column":4}},"2":{"start":{"line":18,"column":0},"end":{"line":18,"column":27}}},"fnMap":{"0":{"name":"(anonymous_0)","decl":{"start":{"line":3,"column":37},"end":{"line":3,"column":38}},"loc":{"start":{"line":3,"column":54},"end":{"line":12,"column":1}}}},"branchMap":{},"s":{"0":2,"1":15,"2":2},"f":{"0":15},"b":{}}
,"/Users/philiplondon/Projects/map3/sdk/src/providers/Store/index.tsx": {"path":"/Users/philiplondon/Projects/map3/sdk/src/providers/Store/index.tsx","statementMap":{"0":{"start":{"line":1,"column":0},"end":{"line":1,"column":76}},"1":{"start":{"line":5,"column":0},"end":{"line":5,"column":null}},"2":{"start":{"line":6,"column":2},"end":{"line":6,"column":null}},"3":{"start":{"line":7,"column":2},"end":{"line":7,"column":null}},"4":{"start":{"line":8,"column":2},"end":{"line":8,"column":null}},"5":{"start":{"line":9,"column":2},"end":{"line":9,"column":null}},"6":{"start":{"line":10,"column":2},"end":{"line":10,"column":null}},"7":{"start":{"line":11,"column":2},"end":{"line":11,"column":null}},"8":{"start":{"line":39,"column":28},"end":{"line":57,"column":2}},"9":{"start":{"line":68,"column":4},"end":{"line":143,"column":1}},"10":{"start":{"line":69,"column":13},"end":{"line":69,"column":14}},"11":{"start":{"line":70,"column":26},"end":{"line":70,"column":48}},"12":{"start":{"line":72,"column":2},"end":{"line":74,"column":null}},"13":{"start":{"line":73,"column":4},"end":{"line":73,"column":34}},"14":{"start":{"line":76,"column":2},"end":{"line":78,"column":null}},"15":{"start":{"line":77,"column":4},"end":{"line":77,"column":31}},"16":{"start":{"line":80,"column":28},"end":{"line":135,"column":null}},"17":{"start":{"line":82,"column":6},"end":{"line":133,"column":null}},"18":{"start":{"line":84,"column":10},"end":{"line":84,"column":53}},"19":{"start":{"line":86,"column":10},"end":{"line":86,"column":55}},"20":{"start":{"line":88,"column":10},"end":{"line":92,"column":null}},"21":{"start":{"line":95,"column":10},"end":{"line":95,"column":53}},"22":{"start":{"line":98,"column":10},"end":{"line":98,"column":54}},"23":{"start":{"line":100,"column":10},"end":{"line":105,"column":null}},"24":{"start":{"line":108,"column":10},"end":{"line":113,"column":null}},"25":{"start":{"line":116,"column":10},"end":{"line":121,"column":null}},"26":{"start":{"line":124,"column":10},"end":{"line":129,"column":null}},"27":{"start":{"line":132,"column":10},"end":{"line":132,"column":23}},"28":{"start":{"line":138,"column":2},"end":{"line":142,"column":4}},"29":{"start":{"line":59,"column":13},"end":{"line":59,"column":null}},"30":{"start":{"line":145,"column":13},"end":{"line":160,"column":3}},"31":{"start":{"line":158,"column":8},"end":{"line":158,"column":12}},"32":{"start":{"line":159,"column":34},"end":{"line":159,"column":71}},"33":{"start":{"line":159,"column":59},"end":{"line":159,"column":70}}},"fnMap":{"0":{"name":"(anonymous_0)","decl":{"start":{"line":5,"column":0},"end":{"line":5,"column":12}},"loc":{"start":{"line":5,"column":17},"end":{"line":12,"column":1}}},"1":{"name":"(anonymous_1)","decl":{"start":{"line":68,"column":4},"end":{"line":68,"column":5}},"loc":{"start":{"line":68,"column":58},"end":{"line":143,"column":1}}},"2":{"name":"(anonymous_2)","decl":{"start":{"line":81,"column":4},"end":{"line":81,"column":5}},"loc":{"start":{"line":81,"column":44},"end":{"line":134,"column":5}}},"3":{"name":"(anonymous_3)","decl":{"start":{"line":158,"column":2},"end":{"line":158,"column":5}},"loc":{"start":{"line":158,"column":8},"end":{"line":158,"column":12}}},"4":{"name":"(anonymous_4)","decl":{"start":{"line":159,"column":28},"end":{"line":159,"column":31}},"loc":{"start":{"line":159,"column":34},"end":{"line":159,"column":71}}},"5":{"name":"(anonymous_5)","decl":{"start":{"line":159,"column":46},"end":{"line":159,"column":47}},"loc":{"start":{"line":159,"column":59},"end":{"line":159,"column":70}}}},"branchMap":{"0":{"loc":{"start":{"line":5,"column":12},"end":{"line":5,"column":null}},"type":"binary-expr","locations":[{"start":{"line":5,"column":12},"end":{"line":5,"column":17}},{"start":{"line":5,"column":12},"end":{"line":5,"column":null}}]},"1":{"loc":{"start":{"line":70,"column":26},"end":{"line":70,"column":48}},"type":"cond-expr","locations":[{"start":{"line":70,"column":42},"end":{"line":70,"column":46}},{"start":{"line":70,"column":46},"end":{"line":70,"column":48}}]},"2":{"loc":{"start":{"line":70,"column":26},"end":{"line":70,"column":46}},"type":"binary-expr","locations":[{"start":{"line":70,"column":26},"end":{"line":70,"column":46}},{"start":{"line":70,"column":42},"end":{"line":70,"column":46}}]},"3":{"loc":{"start":{"line":70,"column":26},"end":{"line":70,"column":42}},"type":"cond-expr","locations":[{"start":{"line":70,"column":30},"end":{"line":70,"column":32}},{"start":{"line":70,"column":26},"end":{"line":70,"column":42}}]},"4":{"loc":{"start":{"line":70,"column":26},"end":{"line":70,"column":32}},"type":"binary-expr","locations":[{"start":{"line":70,"column":26},"end":{"line":70,"column":32}},{"start":{"line":70,"column":26},"end":{"line":70,"column":32}}]},"5":{"loc":{"start":{"line":72,"column":2},"end":{"line":74,"column":null}},"type":"if","locations":[{"start":{"line":72,"column":2},"end":{"line":74,"column":null}}]},"6":{"loc":{"start":{"line":76,"column":2},"end":{"line":78,"column":null}},"type":"if","locations":[{"start":{"line":76,"column":2},"end":{"line":78,"column":null}}]},"7":{"loc":{"start":{"line":76,"column":6},"end":{"line":76,"column":21}},"type":"binary-expr","locations":[{"start":{"line":76,"column":6},"end":{"line":76,"column":10}},{"start":{"line":76,"column":14},"end":{"line":76,"column":21}}]},"8":{"loc":{"start":{"line":82,"column":6},"end":{"line":133,"column":null}},"type":"switch","locations":[{"start":{"line":83,"column":8},"end":{"line":84,"column":53}},{"start":{"line":85,"column":8},"end":{"line":86,"column":55}},{"start":{"line":87,"column":8},"end":{"line":92,"column":null}},{"start":{"line":94,"column":8},"end":{"line":96,"column":null}},{"start":{"line":97,"column":8},"end":{"line":98,"column":54}},{"start":{"line":99,"column":8},"end":{"line":105,"column":null}},{"start":{"line":107,"column":8},"end":{"line":113,"column":null}},{"start":{"line":115,"column":8},"end":{"line":121,"column":null}},{"start":{"line":123,"column":8},"end":{"line":129,"column":null}},{"start":{"line":131,"column":8},"end":{"line":132,"column":23}}]}},"s":{"0":2,"1":2,"2":2,"3":2,"4":2,"5":2,"6":2,"7":2,"8":2,"9":2,"10":15,"11":15,"12":15,"13":0,"14":15,"15":0,"16":15,"17":18,"18":3,"19":2,"20":8,"21":1,"22":1,"23":1,"24":0,"25":1,"26":1,"27":0,"28":15,"29":2,"30":2,"31":0,"32":0,"33":0},"f":{"0":2,"1":15,"2":18,"3":0,"4":0,"5":0},"b":{"0":[2,2],"1":[0,15],"2":[15,15],"3":[15,0],"4":[15,15],"5":[0],"6":[0],"7":[15,0],"8":[3,2,8,1,1,1,0,1,1,0]}}
,"/Users/philiplondon/Projects/map3/sdk/src/steps/AssetSelection/index.tsx": {"path":"/Users/philiplondon/Projects/map3/sdk/src/steps/AssetSelection/index.tsx","statementMap":{"0":{"start":{"line":1,"column":0},"end":{"line":1,"column":42}},"1":{"start":{"line":3,"column":0},"end":{"line":3,"column":57}},"2":{"start":{"line":4,"column":0},"end":{"line":4,"column":57}},"3":{"start":{"line":5,"column":0},"end":{"line":5,"column":61}},"4":{"start":{"line":6,"column":0},"end":{"line":6,"column":63}},"5":{"start":{"line":7,"column":0},"end":{"line":7,"column":55}},"6":{"start":{"line":9,"column":40},"end":{"line":73,"column":1}},"7":{"start":{"line":10,"column":28},"end":{"line":10,"column":47}},"8":{"start":{"line":12,"column":44},"end":{"line":12,"column":63}},"9":{"start":{"line":14,"column":2},"end":{"line":14,"column":41}},"10":{"start":{"line":14,"column":15},"end":{"line":14,"column":41}},"11":{"start":{"line":16,"column":2},"end":{"line":24,"column":null}},"12":{"start":{"line":17,"column":4},"end":{"line":23,"column":6}},"13":{"start":{"line":21,"column":21},"end":{"line":21,"column":30}},"14":{"start":{"line":26,"column":2},"end":{"line":72,"column":4}},"15":{"start":{"line":41,"column":10},"end":{"line":41,"column":34}},"16":{"start":{"line":41,"column":22},"end":{"line":41,"column":34}},"17":{"start":{"line":43,"column":10},"end":{"line":68,"column":12}},"18":{"start":{"line":48,"column":16},"end":{"line":48,"column":64}},"19":{"start":{"line":49,"column":16},"end":{"line":49,"column":80}},"20":{"start":{"line":77,"column":0},"end":{"line":77,"column":30}}},"fnMap":{"0":{"name":"(anonymous_0)","decl":{"start":{"line":9,"column":40},"end":{"line":9,"column":43}},"loc":{"start":{"line":9,"column":45},"end":{"line":73,"column":1}}},"1":{"name":"(anonymous_1)","decl":{"start":{"line":21,"column":15},"end":{"line":21,"column":18}},"loc":{"start":{"line":21,"column":21},"end":{"line":21,"column":30}}},"2":{"name":"(anonymous_2)","decl":{"start":{"line":40,"column":27},"end":{"line":40,"column":28}},"loc":{"start":{"line":40,"column":37},"end":{"line":69,"column":9}}},"3":{"name":"(anonymous_3)","decl":{"start":{"line":47,"column":23},"end":{"line":47,"column":26}},"loc":{"start":{"line":47,"column":28},"end":{"line":50,"column":15}}}},"branchMap":{"0":{"loc":{"start":{"line":14,"column":2},"end":{"line":14,"column":41}},"type":"if","locations":[{"start":{"line":14,"column":2},"end":{"line":14,"column":41}}]},"1":{"loc":{"start":{"line":16,"column":2},"end":{"line":24,"column":null}},"type":"if","locations":[{"start":{"line":16,"column":2},"end":{"line":24,"column":null}}]},"2":{"loc":{"start":{"line":40,"column":9},"end":{"line":69,"column":10}},"type":"cond-expr","locations":[{"start":{"line":40,"column":21},"end":{"line":40,"column":23}},{"start":{"line":40,"column":21},"end":{"line":69,"column":10}}]},"3":{"loc":{"start":{"line":40,"column":9},"end":{"line":40,"column":23}},"type":"binary-expr","locations":[{"start":{"line":40,"column":9},"end":{"line":40,"column":23}},{"start":{"line":40,"column":21},"end":{"line":40,"column":23}}]},"4":{"loc":{"start":{"line":40,"column":9},"end":{"line":40,"column":21}},"type":"cond-expr","locations":[{"start":{"line":40,"column":13},"end":{"line":40,"column":15}},{"start":{"line":40,"column":9},"end":{"line":40,"column":21}}]},"5":{"loc":{"start":{"line":40,"column":9},"end":{"line":40,"column":15}},"type":"binary-expr","locations":[{"start":{"line":40,"column":9},"end":{"line":40,"column":15}},{"start":{"line":40,"column":9},"end":{"line":40,"column":15}}]},"6":{"loc":{"start":{"line":41,"column":10},"end":{"line":41,"column":34}},"type":"if","locations":[{"start":{"line":41,"column":10},"end":{"line":41,"column":34}}]},"7":{"loc":{"start":{"line":57,"column":25},"end":{"line":57,"column":67}},"type":"binary-expr","locations":[{"start":{"line":57,"column":25},"end":{"line":57,"column":41}},{"start":{"line":57,"column":45},"end":{"line":57,"column":61}},{"start":{"line":57,"column":65},"end":{"line":57,"column":67}}]},"8":{"loc":{"start":{"line":57,"column":25},"end":{"line":57,"column":41}},"type":"cond-expr","locations":[{"start":{"line":57,"column":30},"end":{"line":57,"column":32}},{"start":{"line":57,"column":25},"end":{"line":57,"column":41}}]},"9":{"loc":{"start":{"line":57,"column":25},"end":{"line":57,"column":32}},"type":"binary-expr","locations":[{"start":{"line":57,"column":25},"end":{"line":57,"column":32}},{"start":{"line":57,"column":25},"end":{"line":57,"column":32}}]},"10":{"loc":{"start":{"line":57,"column":45},"end":{"line":57,"column":61}},"type":"cond-expr","locations":[{"start":{"line":57,"column":50},"end":{"line":57,"column":52}},{"start":{"line":57,"column":45},"end":{"line":57,"column":61}}]},"11":{"loc":{"start":{"line":57,"column":45},"end":{"line":57,"column":52}},"type":"binary-expr","locations":[{"start":{"line":57,"column":45},"end":{"line":57,"column":52}},{"start":{"line":57,"column":45},"end":{"line":57,"column":52}}]},"12":{"loc":{"start":{"line":60,"column":23},"end":{"line":60,"column":34}},"type":"cond-expr","locations":[{"start":{"line":60,"column":28},"end":{"line":60,"column":30}},{"start":{"line":60,"column":23},"end":{"line":60,"column":34}}]},"13":{"loc":{"start":{"line":60,"column":23},"end":{"line":60,"column":30}},"type":"binary-expr","locations":[{"start":{"line":60,"column":23},"end":{"line":60,"column":30}},{"start":{"line":60,"column":23},"end":{"line":60,"column":30}}]},"14":{"loc":{"start":{"line":62,"column":15},"end":{"line":65,"column":null}},"type":"cond-expr","locations":[{"start":{"line":63,"column":16},"end":{"line":63,"column":67}},{"start":{"line":65,"column":16},"end":{"line":65,"column":62}}]},"15":{"loc":{"start":{"line":62,"column":32},"end":{"line":62,"column":51}},"type":"cond-expr","locations":[{"start":{"line":62,"column":43},"end":{"line":62,"column":45}},{"start":{"line":62,"column":43},"end":{"line":62,"column":51}}]},"16":{"loc":{"start":{"line":62,"column":32},"end":{"line":62,"column":45}},"type":"binary-expr","locations":[{"start":{"line":62,"column":32},"end":{"line":62,"column":45}},{"start":{"line":62,"column":43},"end":{"line":62,"column":45}}]},"17":{"loc":{"start":{"line":46,"column":19},"end":{"line":46,"column":30}},"type":"cond-expr","locations":[{"start":{"line":46,"column":24},"end":{"line":46,"column":26}},{"start":{"line":46,"column":19},"end":{"line":46,"column":30}}]},"18":{"loc":{"start":{"line":46,"column":19},"end":{"line":46,"column":26}},"type":"binary-expr","locations":[{"start":{"line":46,"column":19},"end":{"line":46,"column":26}},{"start":{"line":46,"column":19},"end":{"line":46,"column":26}}]}},"s":{"0":2,"1":2,"2":2,"3":2,"4":2,"5":2,"6":2,"7":13,"8":13,"9":13,"10":5,"11":8,"12":1,"13":0,"14":7,"15":7,"16":0,"17":7,"18":3,"19":3,"20":2},"f":{"0":13,"1":0,"2":7,"3":3},"b":{"0":[5],"1":[1],"2":[0,7],"3":[7,7],"4":[0,7],"5":[7,7],"6":[0],"7":[7,0,0],"8":[0,7],"9":[7,7],"10":[0,0],"11":[0,0],"12":[0,7],"13":[7,7],"14":[3,4],"15":[4,3],"16":[7,7],"17":[0,7],"18":[7,7]}}
,"/Users/philiplondon/Projects/map3/sdk/src/steps/EnterAmount/index.tsx": {"path":"/Users/philiplondon/Projects/map3/sdk/src/steps/EnterAmount/index.tsx","statementMap":{"0":{"start":{"line":1,"column":0},"end":{"line":1,"column":44}},"1":{"start":{"line":2,"column":0},"end":{"line":2,"column":71}},"2":{"start":{"line":4,"column":0},"end":{"line":4,"column":57}},"3":{"start":{"line":5,"column":0},"end":{"line":5,"column":53}},"4":{"start":{"line":6,"column":0},"end":{"line":6,"column":55}},"5":{"start":{"line":8,"column":23},"end":{"line":8,"column":25}},"6":{"start":{"line":10,"column":14},"end":{"line":12,"column":2}},"7":{"start":{"line":14,"column":37},"end":{"line":204,"column":1}},"8":{"start":{"line":15,"column":24},"end":{"line":15,"column":53}},"9":{"start":{"line":16,"column":25},"end":{"line":16,"column":54}},"10":{"start":{"line":17,"column":19},"end":{"line":17,"column":49}},"11":{"start":{"line":18,"column":18},"end":{"line":18,"column":47}},"12":{"start":{"line":19,"column":19},"end":{"line":19,"column":48}},"13":{"start":{"line":21,"column":28},"end":{"line":21,"column":47}},"14":{"start":{"line":22,"column":36},"end":{"line":26,"column":54}},"15":{"start":{"line":28,"column":2},"end":{"line":48,"column":18}},"16":{"start":{"line":29,"column":4},"end":{"line":29,"column":54}},"17":{"start":{"line":30,"column":25},"end":{"line":30,"column":77}},"18":{"start":{"line":31,"column":24},"end":{"line":31,"column":77}},"19":{"start":{"line":32,"column":22},"end":{"line":32,"column":68}},"20":{"start":{"line":34,"column":4},"end":{"line":47,"column":null}},"21":{"start":{"line":35,"column":6},"end":{"line":46,"column":null}},"22":{"start":{"line":36,"column":34},"end":{"line":36,"column":76}},"23":{"start":{"line":37,"column":25},"end":{"line":37,"column":75}},"24":{"start":{"line":39,"column":8},"end":{"line":39,"column":35}},"25":{"start":{"line":41,"column":8},"end":{"line":41,"column":57}},"26":{"start":{"line":42,"column":8},"end":{"line":42,"column":61}},"27":{"start":{"line":44,"column":8},"end":{"line":44,"column":61}},"28":{"start":{"line":45,"column":8},"end":{"line":45,"column":63}},"29":{"start":{"line":50,"column":2},"end":{"line":62,"column":23}},"30":{"start":{"line":51,"column":17},"end":{"line":51,"column":33}},"31":{"start":{"line":52,"column":17},"end":{"line":52,"column":50}},"32":{"start":{"line":54,"column":6},"end":{"line":54,"column":70}},"33":{"start":{"line":55,"column":4},"end":{"line":61,"column":8}},"34":{"start":{"line":55,"column":32},"end":{"line":60,"column":null}},"35":{"start":{"line":64,"column":21},"end":{"line":75,"column":3}},"36":{"start":{"line":65,"column":4},"end":{"line":74,"column":null}},"37":{"start":{"line":66,"column":6},"end":{"line":66,"column":59}},"38":{"start":{"line":67,"column":6},"end":{"line":67,"column":31}},"39":{"start":{"line":69,"column":6},"end":{"line":73,"column":10}},"40":{"start":{"line":69,"column":35},"end":{"line":73,"column":8}},"41":{"start":{"line":77,"column":2},"end":{"line":80,"column":null}},"42":{"start":{"line":78,"column":4},"end":{"line":78,"column":66}},"43":{"start":{"line":79,"column":4},"end":{"line":79,"column":16}},"44":{"start":{"line":82,"column":2},"end":{"line":203,"column":4}},"45":{"start":{"line":97,"column":12},"end":{"line":100,"column":15}},"46":{"start":{"line":112,"column":12},"end":{"line":112,"column":76}},"47":{"start":{"line":124,"column":12},"end":{"line":127,"column":15}},"48":{"start":{"line":144,"column":27},"end":{"line":144,"column":59}},"49":{"start":{"line":145,"column":12},"end":{"line":148,"column":16}},"50":{"start":{"line":145,"column":40},"end":{"line":147,"column":null}},"51":{"start":{"line":208,"column":0},"end":{"line":208,"column":27}}},"fnMap":{"0":{"name":"(anonymous_0)","decl":{"start":{"line":14,"column":37},"end":{"line":14,"column":40}},"loc":{"start":{"line":14,"column":42},"end":{"line":204,"column":1}}},"1":{"name":"(anonymous_1)","decl":{"start":{"line":28,"column":12},"end":{"line":28,"column":15}},"loc":{"start":{"line":28,"column":17},"end":{"line":48,"column":3}}},"2":{"name":"(anonymous_2)","decl":{"start":{"line":50,"column":12},"end":{"line":50,"column":15}},"loc":{"start":{"line":50,"column":17},"end":{"line":62,"column":3}}},"3":{"name":"(anonymous_3)","decl":{"start":{"line":55,"column":17},"end":{"line":55,"column":18}},"loc":{"start":{"line":55,"column":32},"end":{"line":60,"column":null}}},"4":{"name":"(anonymous_4)","decl":{"start":{"line":64,"column":21},"end":{"line":64,"column":24}},"loc":{"start":{"line":64,"column":26},"end":{"line":75,"column":3}}},"5":{"name":"(anonymous_5)","decl":{"start":{"line":69,"column":19},"end":{"line":69,"column":20}},"loc":{"start":{"line":69,"column":35},"end":{"line":73,"column":8}}},"6":{"name":"(anonymous_6)","decl":{"start":{"line":96,"column":19},"end":{"line":96,"column":22}},"loc":{"start":{"line":96,"column":24},"end":{"line":101,"column":11}}},"7":{"name":"(anonymous_7)","decl":{"start":{"line":111,"column":19},"end":{"line":111,"column":22}},"loc":{"start":{"line":111,"column":24},"end":{"line":113,"column":11}}},"8":{"name":"(anonymous_8)","decl":{"start":{"line":123,"column":19},"end":{"line":123,"column":22}},"loc":{"start":{"line":123,"column":24},"end":{"line":128,"column":11}}},"9":{"name":"(anonymous_9)","decl":{"start":{"line":143,"column":20},"end":{"line":143,"column":21}},"loc":{"start":{"line":143,"column":30},"end":{"line":149,"column":11}}},"10":{"name":"(anonymous_10)","decl":{"start":{"line":145,"column":25},"end":{"line":145,"column":26}},"loc":{"start":{"line":145,"column":40},"end":{"line":147,"column":null}}}},"branchMap":{"0":{"loc":{"start":{"line":34,"column":4},"end":{"line":47,"column":null}},"type":"if","locations":[{"start":{"line":34,"column":4},"end":{"line":47,"column":null}}]},"1":{"loc":{"start":{"line":34,"column":8},"end":{"line":34,"column":43}},"type":"binary-expr","locations":[{"start":{"line":34,"column":8},"end":{"line":34,"column":24}},{"start":{"line":34,"column":28},"end":{"line":34,"column":43}}]},"2":{"loc":{"start":{"line":35,"column":6},"end":{"line":46,"column":null}},"type":"if","locations":[{"start":{"line":35,"column":6},"end":{"line":46,"column":null}},{"start":{"line":43,"column":13},"end":{"line":46,"column":null}}]},"3":{"loc":{"start":{"line":52,"column":28},"end":{"line":52,"column":49}},"type":"binary-expr","locations":[{"start":{"line":52,"column":28},"end":{"line":52,"column":42}},{"start":{"line":52,"column":46},"end":{"line":52,"column":49}}]},"4":{"loc":{"start":{"line":54,"column":6},"end":{"line":54,"column":70}},"type":"cond-expr","locations":[{"start":{"line":54,"column":45},"end":{"line":54,"column":56}},{"start":{"line":54,"column":59},"end":{"line":54,"column":70}}]},"5":{"loc":{"start":{"line":58,"column":8},"end":{"line":60,"column":28}},"type":"cond-expr","locations":[{"start":{"line":59,"column":12},"end":{"line":59,"column":28}},{"start":{"line":60,"column":12},"end":{"line":60,"column":28}}]},"6":{"loc":{"start":{"line":65,"column":4},"end":{"line":74,"column":null}},"type":"if","locations":[{"start":{"line":65,"column":4},"end":{"line":74,"column":null}}]},"7":{"loc":{"start":{"line":71,"column":23},"end":{"line":71,"column":77}},"type":"cond-expr","locations":[{"start":{"line":71,"column":60},"end":{"line":71,"column":68}},{"start":{"line":71,"column":71},"end":{"line":71,"column":77}}]},"8":{"loc":{"start":{"line":77,"column":2},"end":{"line":80,"column":null}},"type":"if","locations":[{"start":{"line":77,"column":2},"end":{"line":80,"column":null}}]},"9":{"loc":{"start":{"line":77,"column":6},"end":{"line":77,"column":53}},"type":"binary-expr","locations":[{"start":{"line":77,"column":6},"end":{"line":77,"column":18}},{"start":{"line":77,"column":22},"end":{"line":77,"column":36}},{"start":{"line":77,"column":40},"end":{"line":77,"column":53}}]},"10":{"loc":{"start":{"line":105,"column":13},"end":{"line":105,"column":35}},"type":"binary-expr","locations":[{"start":{"line":105,"column":13},"end":{"line":105,"column":29}},{"start":{"line":105,"column":33},"end":{"line":105,"column":35}}]},"11":{"loc":{"start":{"line":117,"column":13},"end":{"line":117,"column":37}},"type":"binary-expr","locations":[{"start":{"line":117,"column":13},"end":{"line":117,"column":31}},{"start":{"line":117,"column":35},"end":{"line":117,"column":37}}]},"12":{"loc":{"start":{"line":153,"column":13},"end":{"line":155,"column":20}},"type":"cond-expr","locations":[{"start":{"line":154,"column":14},"end":{"line":154,"column":53}},{"start":{"line":155,"column":16},"end":{"line":155,"column":20}}]},"13":{"loc":{"start":{"line":173,"column":15},"end":{"line":173,"column":65}},"type":"cond-expr","locations":[{"start":{"line":173,"column":54},"end":{"line":173,"column":59}},{"start":{"line":173,"column":62},"end":{"line":173,"column":65}}]},"14":{"loc":{"start":{"line":175,"column":13},"end":{"line":177,"column":20}},"type":"cond-expr","locations":[{"start":{"line":176,"column":14},"end":{"line":176,"column":55}},{"start":{"line":177,"column":16},"end":{"line":177,"column":20}}]},"15":{"loc":{"start":{"line":181,"column":15},"end":{"line":183,"column":22}},"type":"cond-expr","locations":[{"start":{"line":182,"column":16},"end":{"line":182,"column":36}},{"start":{"line":183,"column":18},"end":{"line":183,"column":22}}]},"16":{"loc":{"start":{"line":185,"column":15},"end":{"line":187,"column":22}},"type":"cond-expr","locations":[{"start":{"line":186,"column":16},"end":{"line":186,"column":38}},{"start":{"line":187,"column":18},"end":{"line":187,"column":22}}]}},"s":{"0":2,"1":2,"2":2,"3":2,"4":2,"5":2,"6":2,"7":2,"8":0,"9":0,"10":0,"11":0,"12":0,"13":0,"14":0,"15":0,"16":0,"17":0,"18":0,"19":0,"20":0,"21":0,"22":0,"23":0,"24":0,"25":0,"26":0,"27":0,"28":0,"29":0,"30":0,"31":0,"32":0,"33":0,"34":0,"35":0,"36":0,"37":0,"38":0,"39":0,"40":0,"41":0,"42":0,"43":0,"44":0,"45":0,"46":0,"47":0,"48":0,"49":0,"50":0,"51":2},"f":{"0":0,"1":0,"2":0,"3":0,"4":0,"5":0,"6":0,"7":0,"8":0,"9":0,"10":0},"b":{"0":[0],"1":[0,0],"2":[0,0],"3":[0,0],"4":[0,0],"5":[0,0],"6":[0],"7":[0,0],"8":[0],"9":[0,0,0],"10":[0,0],"11":[0,0],"12":[0,0],"13":[0,0],"14":[0,0],"15":[0,0],"16":[0,0]}}
,"/Users/philiplondon/Projects/map3/sdk/src/steps/NetworkSelection/index.tsx": {"path":"/Users/philiplondon/Projects/map3/sdk/src/steps/NetworkSelection/index.tsx","statementMap":{"0":{"start":{"line":1,"column":0},"end":{"line":1,"column":44}},"1":{"start":{"line":2,"column":0},"end":{"line":2,"column":42}},"2":{"start":{"line":4,"column":0},"end":{"line":4,"column":57}},"3":{"start":{"line":5,"column":0},"end":{"line":5,"column":57}},"4":{"start":{"line":6,"column":0},"end":{"line":6,"column":61}},"5":{"start":{"line":7,"column":0},"end":{"line":7,"column":65}},"6":{"start":{"line":8,"column":0},"end":{"line":8,"column":55}},"7":{"start":{"line":10,"column":42},"end":{"line":86,"column":1}},"8":{"start":{"line":11,"column":28},"end":{"line":11,"column":47}},"9":{"start":{"line":13,"column":44},"end":{"line":13,"column":65}},"10":{"start":{"line":15,"column":2},"end":{"line":15,"column":72}},"11":{"start":{"line":15,"column":15},"end":{"line":15,"column":72}},"12":{"start":{"line":17,"column":2},"end":{"line":24,"column":6}},"13":{"start":{"line":18,"column":4},"end":{"line":24,"column":6}},"14":{"start":{"line":26,"column":2},"end":{"line":29,"column":null}},"15":{"start":{"line":27,"column":4},"end":{"line":27,"column":66}},"16":{"start":{"line":28,"column":4},"end":{"line":28,"column":16}},"17":{"start":{"line":31,"column":2},"end":{"line":85,"column":4}},"18":{"start":{"line":49,"column":12},"end":{"line":52,"column":15}},"19":{"start":{"line":64,"column":10},"end":{"line":81,"column":null}},"20":{"start":{"line":69,"column":16},"end":{"line":69,"column":68}},"21":{"start":{"line":70,"column":16},"end":{"line":70,"column":77}},"22":{"start":{"line":90,"column":0},"end":{"line":90,"column":32}}},"fnMap":{"0":{"name":"(anonymous_0)","decl":{"start":{"line":10,"column":42},"end":{"line":10,"column":45}},"loc":{"start":{"line":10,"column":47},"end":{"line":86,"column":1}}},"1":{"name":"(anonymous_1)","decl":{"start":{"line":48,"column":19},"end":{"line":48,"column":22}},"loc":{"start":{"line":48,"column":24},"end":{"line":53,"column":11}}},"2":{"name":"(anonymous_2)","decl":{"start":{"line":63,"column":29},"end":{"line":63,"column":30}},"loc":{"start":{"line":63,"column":41},"end":{"line":81,"column":null}}},"3":{"name":"(anonymous_3)","decl":{"start":{"line":68,"column":23},"end":{"line":68,"column":26}},"loc":{"start":{"line":68,"column":28},"end":{"line":71,"column":15}}}},"branchMap":{"0":{"loc":{"start":{"line":15,"column":2},"end":{"line":15,"column":72}},"type":"if","locations":[{"start":{"line":15,"column":2},"end":{"line":15,"column":72}}]},"1":{"loc":{"start":{"line":17,"column":2},"end":{"line":24,"column":6}},"type":"if","locations":[{"start":{"line":17,"column":2},"end":{"line":24,"column":6}}]},"2":{"loc":{"start":{"line":26,"column":2},"end":{"line":29,"column":null}},"type":"if","locations":[{"start":{"line":26,"column":2},"end":{"line":29,"column":null}}]},"3":{"loc":{"start":{"line":57,"column":13},"end":{"line":57,"column":35}},"type":"binary-expr","locations":[{"start":{"line":57,"column":13},"end":{"line":57,"column":29}},{"start":{"line":57,"column":33},"end":{"line":57,"column":35}}]},"4":{"loc":{"start":{"line":63,"column":9},"end":{"line":81,"column":null}},"type":"cond-expr","locations":[{"start":{"line":63,"column":23},"end":{"line":63,"column":25}},{"start":{"line":63,"column":23},"end":{"line":81,"column":null}}]},"5":{"loc":{"start":{"line":63,"column":9},"end":{"line":63,"column":25}},"type":"binary-expr","locations":[{"start":{"line":63,"column":9},"end":{"line":63,"column":25}},{"start":{"line":63,"column":23},"end":{"line":63,"column":25}}]},"6":{"loc":{"start":{"line":63,"column":9},"end":{"line":63,"column":23}},"type":"cond-expr","locations":[{"start":{"line":63,"column":13},"end":{"line":63,"column":15}},{"start":{"line":63,"column":9},"end":{"line":63,"column":23}}]},"7":{"loc":{"start":{"line":63,"column":9},"end":{"line":63,"column":15}},"type":"binary-expr","locations":[{"start":{"line":63,"column":9},"end":{"line":63,"column":15}},{"start":{"line":63,"column":9},"end":{"line":63,"column":15}}]},"8":{"loc":{"start":{"line":64,"column":10},"end":{"line":81,"column":18}},"type":"cond-expr","locations":[{"start":{"line":65,"column":12},"end":{"line":67,"column":null}},{"start":{"line":81,"column":14},"end":{"line":81,"column":18}}]},"9":{"loc":{"start":{"line":75,"column":15},"end":{"line":78,"column":null}},"type":"cond-expr","locations":[{"start":{"line":76,"column":16},"end":{"line":76,"column":67}},{"start":{"line":78,"column":16},"end":{"line":78,"column":62}}]},"10":{"loc":{"start":{"line":75,"column":15},"end":{"line":75,"column":36}},"type":"cond-expr","locations":[{"start":{"line":75,"column":28},"end":{"line":75,"column":30}},{"start":{"line":75,"column":28},"end":{"line":75,"column":36}}]},"11":{"loc":{"start":{"line":75,"column":15},"end":{"line":75,"column":30}},"type":"binary-expr","locations":[{"start":{"line":75,"column":15},"end":{"line":75,"column":30}},{"start":{"line":75,"column":28},"end":{"line":75,"column":30}}]}},"s":{"0":2,"1":2,"2":2,"3":2,"4":2,"5":2,"6":2,"7":2,"8":8,"9":8,"10":8,"11":3,"12":5,"13":0,"14":5,"15":0,"16":0,"17":5,"18":0,"19":10,"20":2,"21":2,"22":2},"f":{"0":8,"1":0,"2":10,"3":2},"b":{"0":[3],"1":[0],"2":[0],"3":[5,0],"4":[0,5],"5":[5,5],"6":[0,5],"7":[5,5],"8":[10,0],"9":[2,8],"10":[6,4],"11":[10,10]}}
,"/Users/philiplondon/Projects/map3/sdk/src/steps/PaymentMethod/index.tsx": {"path":"/Users/philiplondon/Projects/map3/sdk/src/steps/PaymentMethod/index.tsx","statementMap":{"0":{"start":{"line":1,"column":0},"end":{"line":1,"column":44}},"1":{"start":{"line":2,"column":0},"end":{"line":2,"column":42}},"2":{"start":{"line":4,"column":0},"end":{"line":4,"column":57}},"3":{"start":{"line":5,"column":0},"end":{"line":5,"column":57}},"4":{"start":{"line":6,"column":0},"end":{"line":6,"column":61}},"5":{"start":{"line":7,"column":0},"end":{"line":7,"column":53}},"6":{"start":{"line":8,"column":0},"end":{"line":8,"column":71}},"7":{"start":{"line":9,"column":0},"end":{"line":9,"column":55}},"8":{"start":{"line":11,"column":39},"end":{"line":134,"column":1}},"9":{"start":{"line":12,"column":28},"end":{"line":12,"column":47}},"10":{"start":{"line":13,"column":44},"end":{"line":13,"column":71}},"11":{"start":{"line":15,"column":2},"end":{"line":15,"column":79}},"12":{"start":{"line":15,"column":15},"end":{"line":15,"column":79}},"13":{"start":{"line":16,"column":2},"end":{"line":23,"column":6}},"14":{"start":{"line":17,"column":4},"end":{"line":23,"column":6}},"15":{"start":{"line":25,"column":2},"end":{"line":28,"column":null}},"16":{"start":{"line":26,"column":4},"end":{"line":26,"column":66}},"17":{"start":{"line":27,"column":4},"end":{"line":27,"column":16}},"18":{"start":{"line":30,"column":2},"end":{"line":133,"column":4}},"19":{"start":{"line":48,"column":12},"end":{"line":51,"column":15}},"20":{"start":{"line":63,"column":12},"end":{"line":63,"column":76}},"21":{"start":{"line":75,"column":10},"end":{"line":129,"column":null}},"22":{"start":{"line":84,"column":16},"end":{"line":86,"column":null}},"23":{"start":{"line":85,"column":18},"end":{"line":85,"column":25}},"24":{"start":{"line":87,"column":16},"end":{"line":90,"column":19}},"25":{"start":{"line":91,"column":16},"end":{"line":114,"column":null}},"26":{"start":{"line":92,"column":18},"end":{"line":100,"column":21}},"27":{"start":{"line":101,"column":18},"end":{"line":101,"column":73}},"28":{"start":{"line":103,"column":18},"end":{"line":112,"column":21}},"29":{"start":{"line":113,"column":18},"end":{"line":113,"column":77}},"30":{"start":{"line":138,"column":0},"end":{"line":138,"column":29}}},"fnMap":{"0":{"name":"(anonymous_0)","decl":{"start":{"line":11,"column":39},"end":{"line":11,"column":42}},"loc":{"start":{"line":11,"column":44},"end":{"line":134,"column":1}}},"1":{"name":"(anonymous_1)","decl":{"start":{"line":47,"column":19},"end":{"line":47,"column":22}},"loc":{"start":{"line":47,"column":24},"end":{"line":52,"column":11}}},"2":{"name":"(anonymous_2)","decl":{"start":{"line":62,"column":19},"end":{"line":62,"column":22}},"loc":{"start":{"line":62,"column":24},"end":{"line":64,"column":11}}},"3":{"name":"(anonymous_3)","decl":{"start":{"line":74,"column":28},"end":{"line":74,"column":29}},"loc":{"start":{"line":74,"column":39},"end":{"line":129,"column":null}}},"4":{"name":"(anonymous_4)","decl":{"start":{"line":83,"column":23},"end":{"line":83,"column":26}},"loc":{"start":{"line":83,"column":28},"end":{"line":115,"column":15}}}},"branchMap":{"0":{"loc":{"start":{"line":15,"column":2},"end":{"line":15,"column":79}},"type":"if","locations":[{"start":{"line":15,"column":2},"end":{"line":15,"column":79}}]},"1":{"loc":{"start":{"line":16,"column":2},"end":{"line":23,"column":6}},"type":"if","locations":[{"start":{"line":16,"column":2},"end":{"line":23,"column":6}}]},"2":{"loc":{"start":{"line":25,"column":2},"end":{"line":28,"column":null}},"type":"if","locations":[{"start":{"line":25,"column":2},"end":{"line":28,"column":null}}]},"3":{"loc":{"start":{"line":25,"column":6},"end":{"line":25,"column":36}},"type":"binary-expr","locations":[{"start":{"line":25,"column":6},"end":{"line":25,"column":18}},{"start":{"line":25,"column":22},"end":{"line":25,"column":36}}]},"4":{"loc":{"start":{"line":56,"column":13},"end":{"line":56,"column":36}},"type":"binary-expr","locations":[{"start":{"line":56,"column":13},"end":{"line":56,"column":30}},{"start":{"line":56,"column":34},"end":{"line":56,"column":36}}]},"5":{"loc":{"start":{"line":56,"column":13},"end":{"line":56,"column":30}},"type":"cond-expr","locations":[{"start":{"line":56,"column":24},"end":{"line":56,"column":26}},{"start":{"line":56,"column":24},"end":{"line":56,"column":30}}]},"6":{"loc":{"start":{"line":56,"column":13},"end":{"line":56,"column":26}},"type":"binary-expr","locations":[{"start":{"line":56,"column":13},"end":{"line":56,"column":26}},{"start":{"line":56,"column":24},"end":{"line":56,"column":26}}]},"7":{"loc":{"start":{"line":68,"column":13},"end":{"line":68,"column":38}},"type":"binary-expr","locations":[{"start":{"line":68,"column":13},"end":{"line":68,"column":32}},{"start":{"line":68,"column":36},"end":{"line":68,"column":38}}]},"8":{"loc":{"start":{"line":68,"column":13},"end":{"line":68,"column":32}},"type":"cond-expr","locations":[{"start":{"line":68,"column":26},"end":{"line":68,"column":28}},{"start":{"line":68,"column":26},"end":{"line":68,"column":32}}]},"9":{"loc":{"start":{"line":68,"column":13},"end":{"line":68,"column":28}},"type":"binary-expr","locations":[{"start":{"line":68,"column":13},"end":{"line":68,"column":28}},{"start":{"line":68,"column":26},"end":{"line":68,"column":28}}]},"10":{"loc":{"start":{"line":74,"column":9},"end":{"line":129,"column":null}},"type":"cond-expr","locations":[{"start":{"line":74,"column":22},"end":{"line":74,"column":24}},{"start":{"line":74,"column":22},"end":{"line":129,"column":null}}]},"11":{"loc":{"start":{"line":74,"column":9},"end":{"line":74,"column":24}},"type":"binary-expr","locations":[{"start":{"line":74,"column":9},"end":{"line":74,"column":24}},{"start":{"line":74,"column":22},"end":{"line":74,"column":24}}]},"12":{"loc":{"start":{"line":74,"column":9},"end":{"line":74,"column":22}},"type":"cond-expr","locations":[{"start":{"line":74,"column":13},"end":{"line":74,"column":15}},{"start":{"line":74,"column":9},"end":{"line":74,"column":22}}]},"13":{"loc":{"start":{"line":74,"column":9},"end":{"line":74,"column":15}},"type":"binary-expr","locations":[{"start":{"line":74,"column":9},"end":{"line":74,"column":15}},{"start":{"line":74,"column":9},"end":{"line":74,"column":15}}]},"14":{"loc":{"start":{"line":75,"column":10},"end":{"line":129,"column":18}},"type":"cond-expr","locations":[{"start":{"line":76,"column":12},"end":{"line":82,"column":null}},{"start":{"line":129,"column":14},"end":{"line":129,"column":18}}]},"15":{"loc":{"start":{"line":78,"column":16},"end":{"line":80,"column":null}},"type":"cond-expr","locations":[{"start":{"line":79,"column":20},"end":{"line":79,"column":22}},{"start":{"line":80,"column":20},"end":{"line":80,"column":null}}]},"16":{"loc":{"start":{"line":84,"column":16},"end":{"line":86,"column":null}},"type":"if","locations":[{"start":{"line":84,"column":16},"end":{"line":86,"column":null}}]},"17":{"loc":{"start":{"line":91,"column":16},"end":{"line":114,"column":null}},"type":"if","locations":[{"start":{"line":91,"column":16},"end":{"line":114,"column":null}},{"start":{"line":102,"column":23},"end":{"line":114,"column":null}}]},"18":{"loc":{"start":{"line":121,"column":17},"end":{"line":121,"column":77}},"type":"binary-expr","locations":[{"start":{"line":121,"column":17},"end":{"line":121,"column":32}},{"start":{"line":121,"column":36},"end":{"line":121,"column":77}}]},"19":{"loc":{"start":{"line":123,"column":15},"end":{"line":126,"column":null}},"type":"cond-expr","locations":[{"start":{"line":124,"column":16},"end":{"line":124,"column":67}},{"start":{"line":126,"column":16},"end":{"line":126,"column":62}}]},"20":{"loc":{"start":{"line":123,"column":15},"end":{"line":123,"column":34}},"type":"cond-expr","locations":[{"start":{"line":123,"column":27},"end":{"line":123,"column":29}},{"start":{"line":123,"column":27},"end":{"line":123,"column":34}}]},"21":{"loc":{"start":{"line":123,"column":15},"end":{"line":123,"column":29}},"type":"binary-expr","locations":[{"start":{"line":123,"column":15},"end":{"line":123,"column":29}},{"start":{"line":123,"column":27},"end":{"line":123,"column":29}}]}},"s":{"0":2,"1":2,"2":2,"3":2,"4":2,"5":2,"6":2,"7":2,"8":2,"9":7,"10":7,"11":7,"12":2,"13":5,"14":0,"15":5,"16":0,"17":0,"18":5,"19":0,"20":0,"21":5,"22":1,"23":0,"24":1,"25":1,"26":1,"27":1,"28":0,"29":0,"30":2},"f":{"0":7,"1":0,"2":0,"3":5,"4":1},"b":{"0":[2],"1":[0],"2":[0],"3":[5,5],"4":[5,0],"5":[0,5],"6":[5,5],"7":[5,0],"8":[0,5],"9":[5,5],"10":[0,5],"11":[5,5],"12":[0,5],"13":[5,5],"14":[5,0],"15":[5,0],"16":[0],"17":[1,0],"18":[5,0],"19":[3,2],"20":[2,3],"21":[5,5]}}
,"/Users/philiplondon/Projects/map3/sdk/src/steps/QRCode/index.tsx": {"path":"/Users/philiplondon/Projects/map3/sdk/src/steps/QRCode/index.tsx","statementMap":{"0":{"start":{"line":1,"column":0},"end":{"line":1,"column":58}},"1":{"start":{"line":2,"column":0},"end":{"line":2,"column":41}},"2":{"start":{"line":3,"column":0},"end":{"line":3,"column":53}},"3":{"start":{"line":5,"column":0},"end":{"line":5,"column":57}},"4":{"start":{"line":6,"column":0},"end":{"line":6,"column":53}},"5":{"start":{"line":7,"column":0},"end":{"line":7,"column":55}},"6":{"start":{"line":9,"column":32},"end":{"line":161,"column":1}},"7":{"start":{"line":10,"column":56},"end":{"line":10,"column":75}},"8":{"start":{"line":12,"column":2},"end":{"line":15,"column":null}},"9":{"start":{"line":13,"column":4},"end":{"line":13,"column":66}},"10":{"start":{"line":14,"column":4},"end":{"line":14,"column":16}},"11":{"start":{"line":17,"column":2},"end":{"line":38,"column":9}},"12":{"start":{"line":18,"column":16},"end":{"line":32,"column":6}},"13":{"start":{"line":18,"column":27},"end":{"line":32,"column":6}},"14":{"start":{"line":19,"column":6},"end":{"line":31,"column":null}},"15":{"start":{"line":20,"column":8},"end":{"line":20,"column":63}},"16":{"start":{"line":21,"column":24},"end":{"line":23,"column":null}},"17":{"start":{"line":25,"column":8},"end":{"line":28,"column":11}},"18":{"start":{"line":30,"column":8},"end":{"line":30,"column":61}},"19":{"start":{"line":33,"column":4},"end":{"line":33,"column":10}},"20":{"start":{"line":35,"column":4},"end":{"line":37,"column":6}},"21":{"start":{"line":36,"column":6},"end":{"line":36,"column":58}},"22":{"start":{"line":40,"column":2},"end":{"line":160,"column":4}},"23":{"start":{"line":55,"column":12},"end":{"line":58,"column":15}},"24":{"start":{"line":70,"column":12},"end":{"line":70,"column":76}},"25":{"start":{"line":82,"column":12},"end":{"line":85,"column":15}},"26":{"start":{"line":165,"column":0},"end":{"line":165,"column":22}}},"fnMap":{"0":{"name":"(anonymous_0)","decl":{"start":{"line":9,"column":32},"end":{"line":9,"column":35}},"loc":{"start":{"line":9,"column":37},"end":{"line":161,"column":1}}},"1":{"name":"(anonymous_1)","decl":{"start":{"line":17,"column":12},"end":{"line":17,"column":15}},"loc":{"start":{"line":17,"column":17},"end":{"line":38,"column":3}}},"2":{"name":"(anonymous_2)","decl":{"start":{"line":18,"column":16},"end":{"line":18,"column":25}},"loc":{"start":{"line":18,"column":27},"end":{"line":32,"column":6}}},"3":{"name":"(anonymous_3)","decl":{"start":{"line":18,"column":27},"end":{"line":18,"column":null}},"loc":{"start":{"line":18,"column":27},"end":{"line":32,"column":5}}},"4":{"name":"(anonymous_4)","decl":{"start":{"line":35,"column":11},"end":{"line":35,"column":14}},"loc":{"start":{"line":35,"column":16},"end":{"line":37,"column":5}}},"5":{"name":"(anonymous_5)","decl":{"start":{"line":54,"column":19},"end":{"line":54,"column":22}},"loc":{"start":{"line":54,"column":24},"end":{"line":59,"column":11}}},"6":{"name":"(anonymous_6)","decl":{"start":{"line":69,"column":19},"end":{"line":69,"column":22}},"loc":{"start":{"line":69,"column":24},"end":{"line":71,"column":11}}},"7":{"name":"(anonymous_7)","decl":{"start":{"line":81,"column":19},"end":{"line":81,"column":22}},"loc":{"start":{"line":81,"column":24},"end":{"line":86,"column":11}}}},"branchMap":{"0":{"loc":{"start":{"line":12,"column":2},"end":{"line":15,"column":null}},"type":"if","locations":[{"start":{"line":12,"column":2},"end":{"line":15,"column":null}}]},"1":{"loc":{"start":{"line":12,"column":6},"end":{"line":12,"column":53}},"type":"binary-expr","locations":[{"start":{"line":12,"column":6},"end":{"line":12,"column":18}},{"start":{"line":12,"column":22},"end":{"line":12,"column":36}},{"start":{"line":12,"column":40},"end":{"line":12,"column":53}}]},"2":{"loc":{"start":{"line":22,"column":10},"end":{"line":22,"column":39}},"type":"cond-expr","locations":[{"start":{"line":22,"column":21},"end":{"line":22,"column":23}},{"start":{"line":22,"column":21},"end":{"line":22,"column":39}}]},"3":{"loc":{"start":{"line":22,"column":10},"end":{"line":22,"column":23}},"type":"binary-expr","locations":[{"start":{"line":22,"column":10},"end":{"line":22,"column":23}},{"start":{"line":22,"column":21},"end":{"line":22,"column":23}}]},"4":{"loc":{"start":{"line":23,"column":10},"end":{"line":23,"column":41}},"type":"cond-expr","locations":[{"start":{"line":23,"column":23},"end":{"line":23,"column":25}},{"start":{"line":23,"column":23},"end":{"line":23,"column":41}}]},"5":{"loc":{"start":{"line":23,"column":10},"end":{"line":23,"column":25}},"type":"binary-expr","locations":[{"start":{"line":23,"column":10},"end":{"line":23,"column":25}},{"start":{"line":23,"column":23},"end":{"line":23,"column":25}}]},"6":{"loc":{"start":{"line":63,"column":13},"end":{"line":63,"column":36}},"type":"binary-expr","locations":[{"start":{"line":63,"column":13},"end":{"line":63,"column":30}},{"start":{"line":63,"column":34},"end":{"line":63,"column":36}}]},"7":{"loc":{"start":{"line":63,"column":13},"end":{"line":63,"column":30}},"type":"cond-expr","locations":[{"start":{"line":63,"column":24},"end":{"line":63,"column":26}},{"start":{"line":63,"column":24},"end":{"line":63,"column":30}}]},"8":{"loc":{"start":{"line":63,"column":13},"end":{"line":63,"column":26}},"type":"binary-expr","locations":[{"start":{"line":63,"column":13},"end":{"line":63,"column":26}},{"start":{"line":63,"column":24},"end":{"line":63,"column":26}}]},"9":{"loc":{"start":{"line":75,"column":13},"end":{"line":75,"column":40}},"type":"binary-expr","locations":[{"start":{"line":75,"column":13},"end":{"line":75,"column":34}},{"start":{"line":75,"column":38},"end":{"line":75,"column":40}}]},"10":{"loc":{"start":{"line":75,"column":13},"end":{"line":75,"column":34}},"type":"cond-expr","locations":[{"start":{"line":75,"column":26},"end":{"line":75,"column":28}},{"start":{"line":75,"column":26},"end":{"line":75,"column":34}}]},"11":{"loc":{"start":{"line":75,"column":13},"end":{"line":75,"column":28}},"type":"binary-expr","locations":[{"start":{"line":75,"column":13},"end":{"line":75,"column":28}},{"start":{"line":75,"column":26},"end":{"line":75,"column":28}}]},"12":{"loc":{"start":{"line":99,"column":9},"end":{"line":107,"column":null}},"type":"binary-expr","locations":[{"start":{"line":99,"column":9},"end":{"line":99,"column":50}},{"start":{"line":100,"column":10},"end":{"line":106,"column":null}}]},"13":{"loc":{"start":{"line":109,"column":9},"end":{"line":119,"column":null}},"type":"binary-expr","locations":[{"start":{"line":109,"column":9},"end":{"line":109,"column":48}},{"start":{"line":110,"column":10},"end":{"line":118,"column":null}}]},"14":{"loc":{"start":{"line":121,"column":9},"end":{"line":156,"column":null}},"type":"binary-expr","locations":[{"start":{"line":121,"column":9},"end":{"line":121,"column":50}},{"start":{"line":122,"column":10},"end":{"line":122,"column":35}},{"start":{"line":123,"column":12},"end":{"line":155,"column":null}}]},"15":{"loc":{"start":{"line":125,"column":53},"end":{"line":125,"column":74}},"type":"cond-expr","locations":[{"start":{"line":125,"column":66},"end":{"line":125,"column":68}},{"start":{"line":125,"column":66},"end":{"line":125,"column":74}}]},"16":{"loc":{"start":{"line":125,"column":53},"end":{"line":125,"column":68}},"type":"binary-expr","locations":[{"start":{"line":125,"column":53},"end":{"line":125,"column":68}},{"start":{"line":125,"column":66},"end":{"line":125,"column":68}}]},"17":{"loc":{"start":{"line":130,"column":27},"end":{"line":130,"column":73}},"type":"cond-expr","locations":[{"start":{"line":130,"column":52},"end":{"line":130,"column":61}},{"start":{"line":130,"column":64},"end":{"line":130,"column":73}}]},"18":{"loc":{"start":{"line":132,"column":27},"end":{"line":132,"column":73}},"type":"cond-expr","locations":[{"start":{"line":132,"column":52},"end":{"line":132,"column":61}},{"start":{"line":132,"column":64},"end":{"line":132,"column":73}}]},"19":{"loc":{"start":{"line":136,"column":25},"end":{"line":136,"column":77}},"type":"binary-expr","locations":[{"start":{"line":136,"column":25},"end":{"line":136,"column":46}},{"start":{"line":136,"column":50},"end":{"line":136,"column":71}},{"start":{"line":136,"column":75},"end":{"line":136,"column":77}}]},"20":{"loc":{"start":{"line":136,"column":25},"end":{"line":136,"column":46}},"type":"cond-expr","locations":[{"start":{"line":136,"column":41},"end":{"line":136,"column":43}},{"start":{"line":136,"column":41},"end":{"line":136,"column":46}}]},"21":{"loc":{"start":{"line":136,"column":25},"end":{"line":136,"column":43}},"type":"binary-expr","locations":[{"start":{"line":136,"column":25},"end":{"line":136,"column":43}},{"start":{"line":136,"column":41},"end":{"line":136,"column":43}}]},"22":{"loc":{"start":{"line":136,"column":50},"end":{"line":136,"column":71}},"type":"cond-expr","locations":[{"start":{"line":136,"column":66},"end":{"line":136,"column":68}},{"start":{"line":136,"column":66},"end":{"line":136,"column":71}}]},"23":{"loc":{"start":{"line":136,"column":50},"end":{"line":136,"column":68}},"type":"binary-expr","locations":[{"start":{"line":136,"column":50},"end":{"line":136,"column":68}},{"start":{"line":136,"column":66},"end":{"line":136,"column":68}}]},"24":{"loc":{"start":{"line":143,"column":22},"end":{"line":145,"column":45}},"type":"cond-expr","locations":[{"start":{"line":144,"column":26},"end":{"line":144,"column":45}},{"start":{"line":145,"column":26},"end":{"line":145,"column":45}}]}},"s":{"0":2,"1":2,"2":2,"3":2,"4":2,"5":2,"6":2,"7":4,"8":4,"9":0,"10":0,"11":4,"12":1,"13":1,"14":1,"15":1,"16":1,"17":1,"18":0,"19":1,"20":1,"21":1,"22":4,"23":0,"24":0,"25":0,"26":2},"f":{"0":4,"1":1,"2":1,"3":1,"4":1,"5":0,"6":0,"7":0},"b":{"0":[0],"1":[4,4,4],"2":[0,1],"3":[1,1],"4":[0,1],"5":[1,1],"6":[4,0],"7":[0,4],"8":[4,4],"9":[4,0],"10":[0,4],"11":[4,4],"12":[4,2],"13":[4,0],"14":[4,1,1],"15":[0,1],"16":[1,1],"17":[1,0],"18":[1,0],"19":[1,0,0],"20":[0,1],"21":[1,1],"22":[0,0],"23":[0,0],"24":[1,0]}}
}
