{"total": {"lines":{"total":281,"covered":214,"skipped":0,"pct":76.15},"statements":{"total":295,"covered":223,"skipped":0,"pct":75.59},"functions":{"total":57,"covered":36,"skipped":0,"pct":63.15},"branches":{"total":310,"covered":202,"skipped":0,"pct":65.16},"branchesTrue":{"total":0,"covered":0,"skipped":0,"pct":100}}
,"/Users/philiplondon/Projects/map3/sdk/src/App.tsx": {"lines":{"total":10,"covered":10,"skipped":0,"pct":100},"functions":{"total":1,"covered":1,"skipped":0,"pct":100},"statements":{"total":10,"covered":10,"skipped":0,"pct":100},"branches":{"total":14,"covered":14,"skipped":0,"pct":100}}
,"/Users/philiplondon/Projects/map3/sdk/src/App.withAsset.tsx": {"lines":{"total":14,"covered":13,"skipped":0,"pct":92.85},"functions":{"total":2,"covered":2,"skipped":0,"pct":100},"statements":{"total":16,"covered":15,"skipped":0,"pct":93.75},"branches":{"total":28,"covered":21,"skipped":0,"pct":75}}
,"/Users/philiplondon/Projects/map3/sdk/src/App.withAssetAndNetwork.tsx": {"lines":{"total":19,"covered":16,"skipped":0,"pct":84.21},"functions":{"total":4,"covered":3,"skipped":0,"pct":75},"statements":{"total":21,"covered":18,"skipped":0,"pct":85.71},"branches":{"total":44,"covered":34,"skipped":0,"pct":77.27}}
,"/Users/philiplondon/Projects/map3/sdk/src/index.tsx": {"lines":{"total":27,"covered":25,"skipped":0,"pct":92.59},"functions":{"total":5,"covered":5,"skipped":0,"pct":100},"statements":{"total":28,"covered":26,"skipped":0,"pct":92.85},"branches":{"total":3,"covered":1,"skipped":0,"pct":33.33}}
,"/Users/philiplondon/Projects/map3/sdk/src/components/ErrorWrapper/index.tsx": {"lines":{"total":4,"covered":4,"skipped":0,"pct":100},"functions":{"total":1,"covered":1,"skipped":0,"pct":100},"statements":{"total":4,"covered":4,"skipped":0,"pct":100},"branches":{"total":0,"covered":0,"skipped":0,"pct":100}}
,"/Users/philiplondon/Projects/map3/sdk/src/components/InnerWrapper/index.tsx": {"lines":{"total":3,"covered":3,"skipped":0,"pct":100},"functions":{"total":1,"covered":1,"skipped":0,"pct":100},"statements":{"total":3,"covered":3,"skipped":0,"pct":100},"branches":{"total":0,"covered":0,"skipped":0,"pct":100}}
,"/Users/philiplondon/Projects/map3/sdk/src/components/LoadingWrapper/index.tsx": {"lines":{"total":3,"covered":3,"skipped":0,"pct":100},"functions":{"total":1,"covered":1,"skipped":0,"pct":100},"statements":{"total":3,"covered":3,"skipped":0,"pct":100},"branches":{"total":2,"covered":2,"skipped":0,"pct":100}}
,"/Users/philiplondon/Projects/map3/sdk/src/components/MethodIcon/index.tsx": {"lines":{"total":3,"covered":3,"skipped":0,"pct":100},"functions":{"total":1,"covered":1,"skipped":0,"pct":100},"statements":{"total":3,"covered":3,"skipped":0,"pct":100},"branches":{"total":4,"covered":1,"skipped":0,"pct":25}}
,"/Users/philiplondon/Projects/map3/sdk/src/components/ProgressBar/index.tsx": {"lines":{"total":3,"covered":3,"skipped":0,"pct":100},"functions":{"total":1,"covered":1,"skipped":0,"pct":100},"statements":{"total":3,"covered":3,"skipped":0,"pct":100},"branches":{"total":0,"covered":0,"skipped":0,"pct":100}}
,"/Users/philiplondon/Projects/map3/sdk/src/modal/index.tsx": {"lines":{"total":17,"covered":17,"skipped":0,"pct":100},"functions":{"total":2,"covered":2,"skipped":0,"pct":100},"statements":{"total":17,"covered":17,"skipped":0,"pct":100},"branches":{"total":18,"covered":15,"skipped":0,"pct":83.33}}
,"/Users/philiplondon/Projects/map3/sdk/src/providers/Store/index.tsx": {"lines":{"total":32,"covered":28,"skipped":0,"pct":87.5},"functions":{"total":6,"covered":3,"skipped":0,"pct":50},"statements":{"total":33,"covered":28,"skipped":0,"pct":84.84},"branches":{"total":16,"covered":14,"skipped":0,"pct":87.5}}
,"/Users/philiplondon/Projects/map3/sdk/src/steps/AssetSelection/index.tsx": {"lines":{"total":19,"covered":19,"skipped":0,"pct":100},"functions":{"total":4,"covered":4,"skipped":0,"pct":100},"statements":{"total":21,"covered":20,"skipped":0,"pct":95.23},"branches":{"total":36,"covered":24,"skipped":0,"pct":66.66}}
,"/Users/philiplondon/Projects/map3/sdk/src/steps/EnterAmount/index.tsx": {"lines":{"total":49,"covered":9,"skipped":0,"pct":18.36},"functions":{"total":11,"covered":0,"skipped":0,"pct":0},"statements":{"total":52,"covered":9,"skipped":0,"pct":17.3},"branches":{"total":32,"covered":0,"skipped":0,"pct":0}}
,"/Users/philiplondon/Projects/map3/sdk/src/steps/NetworkSelection/index.tsx": {"lines":{"total":22,"covered":19,"skipped":0,"pct":86.36},"functions":{"total":4,"covered":3,"skipped":0,"pct":75},"statements":{"total":23,"covered":20,"skipped":0,"pct":86.95},"branches":{"total":21,"covered":16,"skipped":0,"pct":76.19}}
,"/Users/philiplondon/Projects/map3/sdk/src/steps/PaymentMethod/index.tsx": {"lines":{"total":30,"covered":22,"skipped":0,"pct":73.33},"functions":{"total":5,"covered":3,"skipped":0,"pct":60},"statements":{"total":31,"covered":23,"skipped":0,"pct":74.19},"branches":{"total":40,"covered":27,"skipped":0,"pct":67.5}}
,"/Users/philiplondon/Projects/map3/sdk/src/steps/QRCode/index.tsx": {"lines":{"total":26,"covered":20,"skipped":0,"pct":76.92},"functions":{"total":8,"covered":5,"skipped":0,"pct":62.5},"statements":{"total":27,"covered":21,"skipped":0,"pct":77.77},"branches":{"total":52,"covered":33,"skipped":0,"pct":63.46}}
}
