TN:
SF:src/App.tsx
FN:18,(anonymous_0)
FN:24,(anonymous_1)
FN:28,(anonymous_2)
FN:30,(anonymous_3)
FN:43,(anonymous_4)
FN:57,(anonymous_5)
FN:140,(anonymous_6)
FNF:7
FNH:4
FNDA:20,(anonymous_0)
FNDA:5,(anonymous_1)
FNDA:0,(anonymous_2)
FNDA:0,(anonymous_3)
FNDA:0,(anonymous_4)
FNDA:1,(anonymous_5)
FNDA:5,(anonymous_6)
DA:1,2
DA:2,2
DA:3,2
DA:6,2
DA:7,2
DA:8,2
DA:9,2
DA:10,2
DA:11,2
DA:12,2
DA:13,2
DA:14,2
DA:16,2
DA:18,2
DA:19,20
DA:20,20
DA:22,20
DA:24,20
DA:25,5
DA:28,20
DA:29,0
DA:30,0
DA:31,0
DA:35,20
DA:37,20
DA:44,0
DA:57,1
DA:140,2
DA:141,5
DA:157,2
LF:30
LH:26
BRDA:44,0,0,0
BRDA:44,0,1,0
BRDA:56,1,0,10
BRDA:56,1,1,10
BRDA:71,2,0,20
BRDA:71,2,1,10
BRDA:81,3,0,20
BRDA:81,3,1,3
BRDA:91,4,0,20
BRDA:91,4,1,5
BRDA:101,5,0,20
BRDA:101,5,1,0
BRDA:111,6,0,20
BRDA:111,6,1,2
BRDA:118,7,0,2
BRDA:118,7,1,0
BRDA:118,8,0,0
BRDA:118,8,1,2
BRDA:118,9,0,2
BRDA:118,9,1,2
BRF:20
BRH:15
end_of_record
TN:
SF:src/index.tsx
FN:26,(anonymous_0)
FN:37,(anonymous_1)
FN:53,(anonymous_2)
FN:61,(anonymous_3)
FN:66,(anonymous_4)
FNF:5
FNH:5
FNDA:1,(anonymous_0)
FNDA:1,(anonymous_1)
FNDA:1,(anonymous_2)
FNDA:1,(anonymous_3)
FNDA:1,(anonymous_4)
DA:1,1
DA:2,1
DA:3,1
DA:5,1
DA:6,1
DA:8,1
DA:10,1
DA:21,1
DA:27,1
DA:28,0
DA:31,1
DA:32,1
DA:35,1
DA:37,1
DA:38,1
DA:39,1
DA:42,1
DA:43,1
DA:44,1
DA:46,1
DA:47,0
DA:50,1
DA:54,1
DA:62,1
DA:66,1
DA:67,1
DA:71,1
LF:27
LH:25
BRDA:27,0,0,0
BRDA:31,1,0,1
BRDA:46,2,0,0
BRF:3
BRH:1
end_of_record
TN:
SF:src/components/ErrorWrapper/index.tsx
FN:5,(anonymous_0)
FNF:1
FNH:1
FNDA:1,(anonymous_0)
DA:3,2
DA:5,2
DA:10,1
DA:33,2
LF:4
LH:4
BRF:0
BRH:0
end_of_record
TN:
SF:src/components/InnerWrapper/index.tsx
FN:3,(anonymous_0)
FNF:1
FNH:1
FNDA:41,(anonymous_0)
DA:3,2
DA:4,41
DA:9,2
LF:3
LH:3
BRF:0
BRH:0
end_of_record
TN:
SF:src/components/LoadingWrapper/index.tsx
FN:3,(anonymous_0)
FNF:1
FNH:1
FNDA:10,(anonymous_0)
DA:3,2
DA:4,10
DA:20,2
LF:3
LH:3
BRDA:10,0,0,10
BRDA:10,0,1,5
BRF:2
BRH:2
end_of_record
TN:
SF:src/components/MethodIcon/index.tsx
FN:5,(anonymous_0)
FNF:1
FNH:1
FNDA:9,(anonymous_0)
DA:5,2
DA:6,9
DA:21,2
LF:3
LH:3
BRDA:8,0,0,9
BRDA:8,0,1,0
BRDA:10,1,0,0
BRDA:10,1,1,0
BRF:4
BRH:1
end_of_record
TN:
SF:src/components/ProgressBar/index.tsx
FN:3,(anonymous_0)
FNF:1
FNH:1
FNDA:15,(anonymous_0)
DA:3,2
DA:4,15
DA:18,2
LF:3
LH:3
BRF:0
BRH:0
end_of_record
TN:
SF:src/providers/Store/index.tsx
FN:5,(anonymous_0)
FN:68,(anonymous_1)
FN:81,(anonymous_2)
FN:158,(anonymous_3)
FN:159,(anonymous_4)
FN:159,(anonymous_5)
FNF:6
FNH:3
FNDA:2,(anonymous_0)
FNDA:15,(anonymous_1)
FNDA:18,(anonymous_2)
FNDA:0,(anonymous_3)
FNDA:0,(anonymous_4)
FNDA:0,(anonymous_5)
DA:1,2
DA:5,2
DA:6,2
DA:7,2
DA:8,2
DA:9,2
DA:10,2
DA:11,2
DA:39,2
DA:59,2
DA:68,2
DA:69,15
DA:70,15
DA:72,15
DA:73,0
DA:76,15
DA:77,0
DA:80,15
DA:82,18
DA:84,3
DA:86,2
DA:88,8
DA:95,1
DA:98,1
DA:100,1
DA:108,0
DA:116,1
DA:124,1
DA:132,0
DA:138,15
DA:145,2
DA:158,0
DA:159,0
LF:33
LH:27
BRDA:5,0,0,2
BRDA:5,0,1,2
BRDA:70,1,0,0
BRDA:70,1,1,15
BRDA:70,2,0,15
BRDA:70,2,1,15
BRDA:70,3,0,15
BRDA:70,3,1,0
BRDA:70,4,0,15
BRDA:70,4,1,15
BRDA:72,5,0,0
BRDA:76,6,0,0
BRDA:76,7,0,15
BRDA:76,7,1,0
BRDA:82,8,0,3
BRDA:82,8,1,2
BRDA:82,8,2,8
BRDA:82,8,3,1
BRDA:82,8,4,1
BRDA:82,8,5,1
BRDA:82,8,6,0
BRDA:82,8,7,1
BRDA:82,8,8,1
BRDA:82,8,9,0
BRF:24
BRH:17
end_of_record
TN:
SF:src/steps/AssetSelection/index.tsx
FN:9,(anonymous_0)
FN:21,(anonymous_1)
FN:40,(anonymous_2)
FN:47,(anonymous_3)
FNF:4
FNH:3
FNDA:13,(anonymous_0)
FNDA:0,(anonymous_1)
FNDA:7,(anonymous_2)
FNDA:3,(anonymous_3)
DA:1,2
DA:3,2
DA:4,2
DA:5,2
DA:6,2
DA:7,2
DA:9,2
DA:10,13
DA:12,13
DA:14,13
DA:16,8
DA:17,1
DA:21,0
DA:26,7
DA:41,7
DA:43,7
DA:48,3
DA:49,3
DA:77,2
LF:19
LH:18
BRDA:14,0,0,5
BRDA:16,1,0,1
BRDA:40,2,0,0
BRDA:40,2,1,7
BRDA:40,3,0,7
BRDA:40,3,1,7
BRDA:40,4,0,0
BRDA:40,4,1,7
BRDA:40,5,0,7
BRDA:40,5,1,7
BRDA:41,6,0,0
BRDA:57,7,0,7
BRDA:57,7,1,0
BRDA:57,7,2,0
BRDA:57,8,0,0
BRDA:57,8,1,7
BRDA:57,9,0,7
BRDA:57,9,1,7
BRDA:57,10,0,0
BRDA:57,10,1,0
BRDA:57,11,0,0
BRDA:57,11,1,0
BRDA:60,12,0,0
BRDA:60,12,1,7
BRDA:60,13,0,7
BRDA:60,13,1,7
BRDA:62,14,0,3
BRDA:62,14,1,4
BRDA:62,15,0,4
BRDA:62,15,1,3
BRDA:62,16,0,7
BRDA:62,16,1,7
BRDA:46,17,0,0
BRDA:46,17,1,7
BRDA:46,18,0,7
BRDA:46,18,1,7
BRF:36
BRH:24
end_of_record
TN:
SF:src/steps/EnterAmount/index.tsx
FN:14,(anonymous_0)
FN:28,(anonymous_1)
FN:50,(anonymous_2)
FN:55,(anonymous_3)
FN:64,(anonymous_4)
FN:69,(anonymous_5)
FN:96,(anonymous_6)
FN:111,(anonymous_7)
FN:123,(anonymous_8)
FN:143,(anonymous_9)
FN:145,(anonymous_10)
FNF:11
FNH:0
FNDA:0,(anonymous_0)
FNDA:0,(anonymous_1)
FNDA:0,(anonymous_2)
FNDA:0,(anonymous_3)
FNDA:0,(anonymous_4)
FNDA:0,(anonymous_5)
FNDA:0,(anonymous_6)
FNDA:0,(anonymous_7)
FNDA:0,(anonymous_8)
FNDA:0,(anonymous_9)
FNDA:0,(anonymous_10)
DA:1,2
DA:2,2
DA:4,2
DA:5,2
DA:6,2
DA:8,2
DA:10,2
DA:14,2
DA:15,0
DA:16,0
DA:17,0
DA:18,0
DA:19,0
DA:21,0
DA:22,0
DA:28,0
DA:29,0
DA:30,0
DA:31,0
DA:32,0
DA:34,0
DA:35,0
DA:36,0
DA:37,0
DA:39,0
DA:41,0
DA:42,0
DA:44,0
DA:45,0
DA:50,0
DA:51,0
DA:52,0
DA:54,0
DA:55,0
DA:64,0
DA:65,0
DA:66,0
DA:67,0
DA:69,0
DA:77,0
DA:78,0
DA:79,0
DA:82,0
DA:97,0
DA:112,0
DA:124,0
DA:144,0
DA:145,0
DA:208,2
LF:49
LH:9
BRDA:34,0,0,0
BRDA:34,1,0,0
BRDA:34,1,1,0
BRDA:35,2,0,0
BRDA:35,2,1,0
BRDA:52,3,0,0
BRDA:52,3,1,0
BRDA:54,4,0,0
BRDA:54,4,1,0
BRDA:58,5,0,0
BRDA:58,5,1,0
BRDA:65,6,0,0
BRDA:71,7,0,0
BRDA:71,7,1,0
BRDA:77,8,0,0
BRDA:77,9,0,0
BRDA:77,9,1,0
BRDA:77,9,2,0
BRDA:105,10,0,0
BRDA:105,10,1,0
BRDA:117,11,0,0
BRDA:117,11,1,0
BRDA:153,12,0,0
BRDA:153,12,1,0
BRDA:173,13,0,0
BRDA:173,13,1,0
BRDA:175,14,0,0
BRDA:175,14,1,0
BRDA:181,15,0,0
BRDA:181,15,1,0
BRDA:185,16,0,0
BRDA:185,16,1,0
BRF:32
BRH:0
end_of_record
TN:
SF:src/steps/NetworkSelection/index.tsx
FN:10,(anonymous_0)
FN:48,(anonymous_1)
FN:63,(anonymous_2)
FN:68,(anonymous_3)
FNF:4
FNH:3
FNDA:8,(anonymous_0)
FNDA:0,(anonymous_1)
FNDA:10,(anonymous_2)
FNDA:2,(anonymous_3)
DA:1,2
DA:2,2
DA:4,2
DA:5,2
DA:6,2
DA:7,2
DA:8,2
DA:10,2
DA:11,8
DA:13,8
DA:15,8
DA:17,5
DA:18,0
DA:26,5
DA:27,0
DA:28,0
DA:31,5
DA:49,0
DA:64,10
DA:69,2
DA:70,2
DA:90,2
LF:22
LH:18
BRDA:15,0,0,3
BRDA:17,1,0,0
BRDA:26,2,0,0
BRDA:57,3,0,5
BRDA:57,3,1,0
BRDA:63,4,0,0
BRDA:63,4,1,5
BRDA:63,5,0,5
BRDA:63,5,1,5
BRDA:63,6,0,0
BRDA:63,6,1,5
BRDA:63,7,0,5
BRDA:63,7,1,5
BRDA:64,8,0,10
BRDA:64,8,1,0
BRDA:75,9,0,2
BRDA:75,9,1,8
BRDA:75,10,0,6
BRDA:75,10,1,4
BRDA:75,11,0,10
BRDA:75,11,1,10
BRF:21
BRH:15
end_of_record
TN:
SF:src/steps/PaymentMethod/index.tsx
FN:11,(anonymous_0)
FN:47,(anonymous_1)
FN:62,(anonymous_2)
FN:74,(anonymous_3)
FN:83,(anonymous_4)
FNF:5
FNH:3
FNDA:7,(anonymous_0)
FNDA:0,(anonymous_1)
FNDA:0,(anonymous_2)
FNDA:5,(anonymous_3)
FNDA:1,(anonymous_4)
DA:1,2
DA:2,2
DA:4,2
DA:5,2
DA:6,2
DA:7,2
DA:8,2
DA:9,2
DA:11,2
DA:12,7
DA:13,7
DA:15,7
DA:16,5
DA:17,0
DA:25,5
DA:26,0
DA:27,0
DA:30,5
DA:48,0
DA:63,0
DA:75,5
DA:84,1
DA:85,0
DA:87,1
DA:91,1
DA:92,1
DA:101,1
DA:103,0
DA:113,0
DA:138,2
LF:30
LH:22
BRDA:15,0,0,2
BRDA:16,1,0,0
BRDA:25,2,0,0
BRDA:25,3,0,5
BRDA:25,3,1,5
BRDA:56,4,0,5
BRDA:56,4,1,0
BRDA:56,5,0,0
BRDA:56,5,1,5
BRDA:56,6,0,5
BRDA:56,6,1,5
BRDA:68,7,0,5
BRDA:68,7,1,0
BRDA:68,8,0,0
BRDA:68,8,1,5
BRDA:68,9,0,5
BRDA:68,9,1,5
BRDA:74,10,0,0
BRDA:74,10,1,5
BRDA:74,11,0,5
BRDA:74,11,1,5
BRDA:74,12,0,0
BRDA:74,12,1,5
BRDA:74,13,0,5
BRDA:74,13,1,5
BRDA:75,14,0,5
BRDA:75,14,1,0
BRDA:78,15,0,5
BRDA:78,15,1,0
BRDA:84,16,0,0
BRDA:91,17,0,1
BRDA:91,17,1,0
BRDA:121,18,0,5
BRDA:121,18,1,0
BRDA:123,19,0,3
BRDA:123,19,1,2
BRDA:123,20,0,2
BRDA:123,20,1,3
BRDA:123,21,0,5
BRDA:123,21,1,5
BRF:40
BRH:27
end_of_record
TN:
SF:src/steps/QRCode/index.tsx
FN:9,(anonymous_0)
FN:17,(anonymous_1)
FN:18,(anonymous_2)
FN:18,(anonymous_3)
FN:35,(anonymous_4)
FN:54,(anonymous_5)
FN:69,(anonymous_6)
FN:81,(anonymous_7)
FNF:8
FNH:5
FNDA:4,(anonymous_0)
FNDA:1,(anonymous_1)
FNDA:1,(anonymous_2)
FNDA:1,(anonymous_3)
FNDA:1,(anonymous_4)
FNDA:0,(anonymous_5)
FNDA:0,(anonymous_6)
FNDA:0,(anonymous_7)
DA:1,2
DA:2,2
DA:3,2
DA:5,2
DA:6,2
DA:7,2
DA:9,2
DA:10,4
DA:12,4
DA:13,0
DA:14,0
DA:17,4
DA:18,1
DA:19,1
DA:20,1
DA:21,1
DA:25,1
DA:30,0
DA:33,1
DA:35,1
DA:36,1
DA:40,4
DA:55,0
DA:70,0
DA:82,0
DA:165,2
LF:26
LH:20
BRDA:12,0,0,0
BRDA:12,1,0,4
BRDA:12,1,1,4
BRDA:12,1,2,4
BRDA:22,2,0,0
BRDA:22,2,1,1
BRDA:22,3,0,1
BRDA:22,3,1,1
BRDA:23,4,0,0
BRDA:23,4,1,1
BRDA:23,5,0,1
BRDA:23,5,1,1
BRDA:63,6,0,4
BRDA:63,6,1,0
BRDA:63,7,0,0
BRDA:63,7,1,4
BRDA:63,8,0,4
BRDA:63,8,1,4
BRDA:75,9,0,4
BRDA:75,9,1,0
BRDA:75,10,0,0
BRDA:75,10,1,4
BRDA:75,11,0,4
BRDA:75,11,1,4
BRDA:99,12,0,4
BRDA:99,12,1,2
BRDA:109,13,0,4
BRDA:109,13,1,0
BRDA:121,14,0,4
BRDA:121,14,1,1
BRDA:121,14,2,1
BRDA:125,15,0,0
BRDA:125,15,1,1
BRDA:125,16,0,1
BRDA:125,16,1,1
BRDA:130,17,0,1
BRDA:130,17,1,0
BRDA:132,18,0,1
BRDA:132,18,1,0
BRDA:136,19,0,1
BRDA:136,19,1,0
BRDA:136,19,2,0
BRDA:136,20,0,0
BRDA:136,20,1,1
BRDA:136,21,0,1
BRDA:136,21,1,1
BRDA:136,22,0,0
BRDA:136,22,1,0
BRDA:136,23,0,0
BRDA:136,23,1,0
BRDA:143,24,0,1
BRDA:143,24,1,0
BRF:52
BRH:33
end_of_record
