TN:
SF:src/App.tsx
FN:12,(anonymous_0)
FNF:1
FNH:1
FNDA:11,(anonymous_0)
DA:1,7
DA:5,7
DA:6,7
DA:7,7
DA:8,7
DA:10,7
DA:12,7
DA:13,11
DA:15,11
DA:44,7
LF:10
LH:10
BRDA:13,0,0,2
BRDA:13,0,1,9
BRDA:13,1,0,11
BRDA:13,1,1,11
BRDA:13,2,0,9
BRDA:13,2,1,2
BRDA:13,3,0,11
BRDA:13,3,1,11
BRDA:25,4,0,1
BRDA:25,4,1,10
BRDA:25,5,0,11
BRDA:25,5,1,2
BRDA:27,6,0,1
BRDA:27,6,1,9
BRF:14
BRH:14
end_of_record
TN:
SF:src/App.withAsset.tsx
FN:10,(anonymous_0)
FN:17,(anonymous_1)
FNF:2
FNH:2
FNDA:2,(anonymous_0)
FNDA:1,(anonymous_1)
DA:4,7
DA:5,7
DA:6,7
DA:7,7
DA:8,7
DA:10,7
DA:11,2
DA:13,2
DA:15,2
DA:17,1
DA:19,1
DA:20,0
DA:28,1
DA:35,7
LF:14
LH:13
BRDA:11,0,0,2
BRDA:11,0,1,0
BRDA:11,1,0,2
BRDA:11,1,1,2
BRDA:11,2,0,0
BRDA:11,2,1,2
BRDA:11,3,0,2
BRDA:11,3,1,2
BRDA:11,4,0,0
BRDA:11,4,1,2
BRDA:11,5,0,2
BRDA:11,5,1,2
BRDA:15,6,0,1
BRDA:17,7,0,0
BRDA:17,7,1,1
BRDA:17,8,0,1
BRDA:17,8,1,1
BRDA:17,9,0,0
BRDA:17,9,1,1
BRDA:17,10,0,1
BRDA:17,10,1,1
BRDA:17,11,0,0
BRDA:17,11,1,1
BRDA:17,12,0,1
BRDA:17,12,1,1
BRDA:19,13,0,0
BRDA:19,14,0,1
BRDA:19,14,1,1
BRF:28
BRH:21
end_of_record
TN:
SF:src/App.withAssetAndNetwork.tsx
FN:10,(anonymous_0)
FN:24,(anonymous_1)
FN:26,(anonymous_2)
FN:33,(anonymous_3)
FNF:4
FNH:3
FNDA:2,(anonymous_0)
FNDA:1,(anonymous_1)
FNDA:1,(anonymous_2)
FNDA:0,(anonymous_3)
DA:4,7
DA:5,7
DA:6,7
DA:7,7
DA:8,7
DA:10,7
DA:11,2
DA:13,2
DA:19,2
DA:21,2
DA:23,1
DA:24,1
DA:26,1
DA:28,1
DA:29,0
DA:34,0
DA:35,0
DA:39,1
DA:45,7
LF:19
LH:16
BRDA:11,0,0,2
BRDA:11,0,1,0
BRDA:11,1,0,2
BRDA:11,1,1,2
BRDA:11,2,0,0
BRDA:11,2,1,2
BRDA:11,3,0,2
BRDA:11,3,1,2
BRDA:11,4,0,0
BRDA:11,4,1,2
BRDA:11,5,0,2
BRDA:11,5,1,2
BRDA:21,6,0,1
BRDA:21,7,0,2
BRDA:21,7,1,1
BRDA:23,8,0,0
BRDA:23,8,1,1
BRDA:23,9,0,1
BRDA:23,9,1,1
BRDA:23,10,0,0
BRDA:23,10,1,1
BRDA:23,11,0,1
BRDA:23,11,1,1
BRDA:24,12,0,0
BRDA:24,12,1,1
BRDA:24,13,0,1
BRDA:24,13,1,1
BRDA:26,14,0,0
BRDA:26,14,1,1
BRDA:26,15,0,1
BRDA:26,15,1,1
BRDA:26,16,0,0
BRDA:26,16,1,1
BRDA:26,17,0,1
BRDA:26,17,1,1
BRDA:26,18,0,0
BRDA:26,18,1,1
BRDA:26,19,0,1
BRDA:26,19,1,1
BRDA:28,20,0,0
BRDA:28,21,0,1
BRDA:28,21,1,1
BRDA:28,21,2,1
BRDA:28,21,3,1
BRF:44
BRH:34
end_of_record
TN:
SF:src/index.tsx
FN:24,(anonymous_0)
FN:35,(anonymous_1)
FN:51,(anonymous_2)
FN:59,(anonymous_3)
FN:64,(anonymous_4)
FNF:5
FNH:5
FNDA:1,(anonymous_0)
FNDA:1,(anonymous_1)
FNDA:1,(anonymous_2)
FNDA:1,(anonymous_3)
FNDA:1,(anonymous_4)
DA:1,1
DA:2,1
DA:3,1
DA:5,1
DA:6,1
DA:8,1
DA:10,1
DA:19,1
DA:25,1
DA:26,0
DA:29,1
DA:30,1
DA:33,1
DA:35,1
DA:36,1
DA:37,1
DA:40,1
DA:41,1
DA:42,1
DA:44,1
DA:45,0
DA:48,1
DA:52,1
DA:60,1
DA:64,1
DA:65,1
DA:69,1
LF:27
LH:25
BRDA:25,0,0,0
BRDA:29,1,0,1
BRDA:44,2,0,0
BRF:3
BRH:1
end_of_record
TN:
SF:src/components/ErrorWrapper/index.tsx
FN:5,(anonymous_0)
FNF:1
FNH:1
FNDA:3,(anonymous_0)
DA:3,7
DA:5,7
DA:10,3
DA:33,7
LF:4
LH:4
BRF:0
BRH:0
end_of_record
TN:
SF:src/components/InnerWrapper/index.tsx
FN:3,(anonymous_0)
FNF:1
FNH:1
FNDA:66,(anonymous_0)
DA:3,7
DA:4,66
DA:9,7
LF:3
LH:3
BRF:0
BRH:0
end_of_record
TN:
SF:src/components/LoadingWrapper/index.tsx
FN:3,(anonymous_0)
FNF:1
FNH:1
FNDA:21,(anonymous_0)
DA:3,7
DA:4,21
DA:20,7
LF:3
LH:3
BRDA:10,0,0,21
BRDA:10,0,1,11
BRF:2
BRH:2
end_of_record
TN:
SF:src/components/MethodIcon/index.tsx
FN:5,(anonymous_0)
FNF:1
FNH:1
FNDA:21,(anonymous_0)
DA:5,7
DA:6,21
DA:21,7
LF:3
LH:3
BRDA:8,0,0,21
BRDA:8,0,1,0
BRDA:10,1,0,0
BRDA:10,1,1,0
BRF:4
BRH:1
end_of_record
TN:
SF:src/components/ProgressBar/index.tsx
FN:3,(anonymous_0)
FNF:1
FNH:1
FNDA:25,(anonymous_0)
DA:3,7
DA:4,25
DA:18,7
LF:3
LH:3
BRF:0
BRH:0
end_of_record
TN:
SF:src/providers/Store/index.tsx
FN:5,(anonymous_0)
FN:70,(anonymous_1)
FN:82,(anonymous_2)
FN:159,(anonymous_3)
FN:160,(anonymous_4)
FN:160,(anonymous_5)
FNF:6
FNH:3
FNDA:7,(anonymous_0)
FNDA:25,(anonymous_1)
FNDA:27,(anonymous_2)
FNDA:0,(anonymous_3)
FNDA:0,(anonymous_4)
FNDA:0,(anonymous_5)
DA:1,7
DA:5,7
DA:6,7
DA:7,7
DA:8,7
DA:9,7
DA:10,7
DA:11,7
DA:39,7
DA:59,7
DA:70,7
DA:71,25
DA:73,25
DA:74,2
DA:77,25
DA:78,1
DA:81,25
DA:83,27
DA:85,5
DA:87,3
DA:89,12
DA:96,2
DA:99,2
DA:101,1
DA:109,0
DA:117,1
DA:125,1
DA:133,0
DA:139,25
DA:146,7
DA:159,0
DA:160,0
LF:32
LH:28
BRDA:5,0,0,7
BRDA:5,0,1,7
BRDA:73,1,0,2
BRDA:77,2,0,1
BRDA:77,3,0,25
BRDA:77,3,1,2
BRDA:83,4,0,5
BRDA:83,4,1,3
BRDA:83,4,2,12
BRDA:83,4,3,2
BRDA:83,4,4,2
BRDA:83,4,5,1
BRDA:83,4,6,0
BRDA:83,4,7,1
BRDA:83,4,8,1
BRDA:83,4,9,0
BRF:16
BRH:14
end_of_record
TN:
SF:src/steps/index.tsx
FN:14,(anonymous_0)
FN:26,(anonymous_1)
FNF:2
FNH:2
FNDA:25,(anonymous_0)
FNDA:1,(anonymous_1)
DA:1,7
DA:2,7
DA:4,7
DA:5,7
DA:6,7
DA:7,7
DA:8,7
DA:9,7
DA:10,7
DA:11,7
DA:12,7
DA:14,7
DA:15,25
DA:17,25
DA:19,25
DA:26,1
DA:112,7
LF:17
LH:17
BRDA:25,0,0,9
BRDA:25,0,1,16
BRDA:40,1,0,25
BRDA:40,1,1,9
BRDA:50,2,0,25
BRDA:50,2,1,6
BRDA:60,3,0,25
BRDA:60,3,1,7
BRDA:70,4,0,25
BRDA:70,4,1,1
BRDA:80,5,0,25
BRDA:80,5,1,2
BRDA:87,6,0,2
BRDA:87,6,1,0
BRDA:87,7,0,0
BRDA:87,7,1,2
BRDA:87,8,0,2
BRDA:87,8,1,2
BRF:18
BRH:16
end_of_record
TN:
SF:src/steps/AssetSelection/index.tsx
FN:9,(anonymous_0)
FN:21,(anonymous_1)
FN:40,(anonymous_2)
FN:47,(anonymous_3)
FNF:4
FNH:4
FNDA:23,(anonymous_0)
FNDA:1,(anonymous_1)
FNDA:12,(anonymous_2)
FNDA:5,(anonymous_3)
DA:1,7
DA:3,7
DA:4,7
DA:5,7
DA:6,7
DA:7,7
DA:9,7
DA:10,23
DA:12,23
DA:14,23
DA:16,14
DA:17,2
DA:21,1
DA:26,12
DA:41,12
DA:43,12
DA:48,5
DA:49,5
DA:77,7
LF:19
LH:19
BRDA:14,0,0,9
BRDA:16,1,0,2
BRDA:40,2,0,0
BRDA:40,2,1,12
BRDA:40,3,0,12
BRDA:40,3,1,12
BRDA:40,4,0,0
BRDA:40,4,1,12
BRDA:40,5,0,12
BRDA:40,5,1,12
BRDA:41,6,0,0
BRDA:57,7,0,12
BRDA:57,7,1,0
BRDA:57,7,2,0
BRDA:57,8,0,0
BRDA:57,8,1,12
BRDA:57,9,0,12
BRDA:57,9,1,12
BRDA:57,10,0,0
BRDA:57,10,1,0
BRDA:57,11,0,0
BRDA:57,11,1,0
BRDA:60,12,0,0
BRDA:60,12,1,12
BRDA:60,13,0,12
BRDA:60,13,1,12
BRDA:62,14,0,5
BRDA:62,14,1,7
BRDA:62,15,0,7
BRDA:62,15,1,5
BRDA:62,16,0,12
BRDA:62,16,1,12
BRDA:46,17,0,0
BRDA:46,17,1,12
BRDA:46,18,0,12
BRDA:46,18,1,12
BRF:36
BRH:24
end_of_record
TN:
SF:src/steps/EnterAmount/index.tsx
FN:14,(anonymous_0)
FN:28,(anonymous_1)
FN:50,(anonymous_2)
FN:55,(anonymous_3)
FN:64,(anonymous_4)
FN:69,(anonymous_5)
FN:96,(anonymous_6)
FN:111,(anonymous_7)
FN:123,(anonymous_8)
FN:143,(anonymous_9)
FN:145,(anonymous_10)
FNF:11
FNH:4
FNDA:1,(anonymous_0)
FNDA:1,(anonymous_1)
FNDA:1,(anonymous_2)
FNDA:1,(anonymous_3)
FNDA:0,(anonymous_4)
FNDA:0,(anonymous_5)
FNDA:0,(anonymous_6)
FNDA:0,(anonymous_7)
FNDA:0,(anonymous_8)
FNDA:0,(anonymous_9)
FNDA:0,(anonymous_10)
DA:1,7
DA:2,7
DA:4,7
DA:5,7
DA:6,7
DA:8,7
DA:10,7
DA:14,7
DA:15,1
DA:16,1
DA:17,1
DA:18,1
DA:19,1
DA:21,1
DA:22,1
DA:28,1
DA:29,1
DA:30,1
DA:31,1
DA:32,1
DA:34,1
DA:35,1
DA:36,0
DA:37,0
DA:39,0
DA:41,0
DA:42,0
DA:44,1
DA:45,1
DA:50,1
DA:51,1
DA:52,1
DA:54,1
DA:55,1
DA:64,1
DA:65,0
DA:66,0
DA:67,0
DA:69,0
DA:77,1
DA:78,0
DA:79,0
DA:82,1
DA:97,0
DA:112,0
DA:124,0
DA:144,0
DA:145,0
DA:208,7
LF:49
LH:33
BRDA:34,0,0,1
BRDA:34,1,0,1
BRDA:34,1,1,1
BRDA:35,2,0,0
BRDA:35,2,1,1
BRDA:52,3,0,1
BRDA:52,3,1,0
BRDA:54,4,0,0
BRDA:54,4,1,1
BRDA:58,5,0,0
BRDA:58,5,1,1
BRDA:65,6,0,0
BRDA:71,7,0,0
BRDA:71,7,1,0
BRDA:77,8,0,0
BRDA:77,9,0,1
BRDA:77,9,1,1
BRDA:77,9,2,1
BRDA:105,10,0,1
BRDA:105,10,1,0
BRDA:117,11,0,1
BRDA:117,11,1,0
BRDA:153,12,0,1
BRDA:153,12,1,0
BRDA:173,13,0,0
BRDA:173,13,1,1
BRDA:175,14,0,0
BRDA:175,14,1,1
BRDA:181,15,0,0
BRDA:181,15,1,1
BRDA:185,16,0,1
BRDA:185,16,1,0
BRF:32
BRH:17
end_of_record
TN:
SF:src/steps/NetworkSelection/index.tsx
FN:10,(anonymous_0)
FN:48,(anonymous_1)
FN:63,(anonymous_2)
FN:68,(anonymous_3)
FNF:4
FNH:3
FNDA:15,(anonymous_0)
FNDA:0,(anonymous_1)
FNDA:16,(anonymous_2)
FNDA:3,(anonymous_3)
DA:1,7
DA:2,7
DA:4,7
DA:5,7
DA:6,7
DA:7,7
DA:8,7
DA:10,7
DA:11,15
DA:13,15
DA:15,15
DA:17,9
DA:18,1
DA:26,8
DA:27,0
DA:28,0
DA:31,8
DA:49,0
DA:64,16
DA:69,3
DA:70,3
DA:90,7
LF:22
LH:19
BRDA:15,0,0,6
BRDA:17,1,0,1
BRDA:26,2,0,0
BRDA:57,3,0,8
BRDA:57,3,1,0
BRDA:63,4,0,0
BRDA:63,4,1,8
BRDA:63,5,0,8
BRDA:63,5,1,8
BRDA:63,6,0,0
BRDA:63,6,1,8
BRDA:63,7,0,8
BRDA:63,7,1,8
BRDA:64,8,0,16
BRDA:64,8,1,0
BRDA:75,9,0,3
BRDA:75,9,1,13
BRDA:75,10,0,10
BRDA:75,10,1,6
BRDA:75,11,0,16
BRDA:75,11,1,16
BRF:21
BRH:16
end_of_record
TN:
SF:src/steps/PaymentMethod/index.tsx
FN:11,(anonymous_0)
FN:47,(anonymous_1)
FN:62,(anonymous_2)
FN:74,(anonymous_3)
FN:83,(anonymous_4)
FNF:5
FNH:3
FNDA:12,(anonymous_0)
FNDA:0,(anonymous_1)
FNDA:0,(anonymous_2)
FNDA:16,(anonymous_3)
FNDA:2,(anonymous_4)
DA:1,7
DA:2,7
DA:4,7
DA:5,7
DA:6,7
DA:7,7
DA:8,7
DA:9,7
DA:11,7
DA:12,12
DA:13,12
DA:15,12
DA:16,8
DA:17,0
DA:25,8
DA:26,0
DA:27,0
DA:30,8
DA:48,0
DA:63,0
DA:75,16
DA:84,2
DA:85,0
DA:87,2
DA:91,2
DA:92,1
DA:101,1
DA:103,1
DA:113,1
DA:138,7
LF:30
LH:24
BRDA:15,0,0,4
BRDA:16,1,0,0
BRDA:25,2,0,0
BRDA:25,3,0,8
BRDA:25,3,1,8
BRDA:56,4,0,8
BRDA:56,4,1,0
BRDA:56,5,0,0
BRDA:56,5,1,8
BRDA:56,6,0,8
BRDA:56,6,1,8
BRDA:68,7,0,8
BRDA:68,7,1,0
BRDA:68,8,0,0
BRDA:68,8,1,8
BRDA:68,9,0,8
BRDA:68,9,1,8
BRDA:74,10,0,0
BRDA:74,10,1,8
BRDA:74,11,0,8
BRDA:74,11,1,8
BRDA:74,12,0,0
BRDA:74,12,1,8
BRDA:74,13,0,8
BRDA:74,13,1,8
BRDA:75,14,0,16
BRDA:75,14,1,0
BRDA:78,15,0,16
BRDA:78,15,1,0
BRDA:84,16,0,0
BRDA:91,17,0,1
BRDA:91,17,1,1
BRDA:121,18,0,16
BRDA:121,18,1,0
BRDA:123,19,0,4
BRDA:123,19,1,12
BRDA:123,20,0,8
BRDA:123,20,1,8
BRDA:123,21,0,16
BRDA:123,21,1,16
BRF:40
BRH:28
end_of_record
TN:
SF:src/steps/QRCode/index.tsx
FN:9,(anonymous_0)
FN:17,(anonymous_1)
FN:18,(anonymous_2)
FN:18,(anonymous_3)
FN:35,(anonymous_4)
FN:54,(anonymous_5)
FN:69,(anonymous_6)
FN:81,(anonymous_7)
FNF:8
FNH:5
FNDA:4,(anonymous_0)
FNDA:1,(anonymous_1)
FNDA:1,(anonymous_2)
FNDA:1,(anonymous_3)
FNDA:1,(anonymous_4)
FNDA:0,(anonymous_5)
FNDA:0,(anonymous_6)
FNDA:0,(anonymous_7)
DA:1,7
DA:2,7
DA:3,7
DA:5,7
DA:6,7
DA:7,7
DA:9,7
DA:10,4
DA:12,4
DA:13,0
DA:14,0
DA:17,4
DA:18,1
DA:19,1
DA:20,1
DA:21,1
DA:25,1
DA:30,0
DA:33,1
DA:35,1
DA:36,1
DA:40,4
DA:55,0
DA:70,0
DA:82,0
DA:165,7
LF:26
LH:20
BRDA:12,0,0,0
BRDA:12,1,0,4
BRDA:12,1,1,4
BRDA:12,1,2,4
BRDA:22,2,0,0
BRDA:22,2,1,1
BRDA:22,3,0,1
BRDA:22,3,1,1
BRDA:23,4,0,0
BRDA:23,4,1,1
BRDA:23,5,0,1
BRDA:23,5,1,1
BRDA:63,6,0,4
BRDA:63,6,1,0
BRDA:63,7,0,0
BRDA:63,7,1,4
BRDA:63,8,0,4
BRDA:63,8,1,4
BRDA:75,9,0,4
BRDA:75,9,1,0
BRDA:75,10,0,0
BRDA:75,10,1,4
BRDA:75,11,0,4
BRDA:75,11,1,4
BRDA:99,12,0,4
BRDA:99,12,1,2
BRDA:109,13,0,4
BRDA:109,13,1,0
BRDA:121,14,0,4
BRDA:121,14,1,1
BRDA:121,14,2,1
BRDA:125,15,0,0
BRDA:125,15,1,1
BRDA:125,16,0,1
BRDA:125,16,1,1
BRDA:130,17,0,1
BRDA:130,17,1,0
BRDA:132,18,0,1
BRDA:132,18,1,0
BRDA:136,19,0,1
BRDA:136,19,1,0
BRDA:136,19,2,0
BRDA:136,20,0,0
BRDA:136,20,1,1
BRDA:136,21,0,1
BRDA:136,21,1,1
BRDA:136,22,0,0
BRDA:136,22,1,0
BRDA:136,23,0,0
BRDA:136,23,1,0
BRDA:143,24,0,1
BRDA:143,24,1,0
BRF:52
BRH:33
end_of_record
